Copyright 1986-2022 Xilinx, Inc. All Rights Reserved. Copyright 2022-2025 Advanced Micro Devices, Inc. All Rights Reserved.
--------------------------------------------------------------------------------------------------------------------------------------------------
| Tool Version      : Vivado v.2025.2 (win64) Build 6299465 Fri Nov 14 19:35:11 GMT 2025
| Date              : Fri Jun 12 16:46:51 2026
| Host              : robot running 64-bit major release  (build 9200)
| Command           : report_timing_summary -file G:/UESTC/feitengspan1/vivado/jfs/reports/jtag_full_span_timing_impl.rpt
| Design            : jfs_wrapper
| Device            : xczu19eg-ffvc1760
| Speed File        : -2  PRODUCTION 1.30 05-15-2022
| Design State      : Routed
| Temperature Grade : I
--------------------------------------------------------------------------------------------------------------------------------------------------

Timing Summary Report

------------------------------------------------------------------------------------------------
| Timer Settings
| --------------
------------------------------------------------------------------------------------------------

  Enable Multi Corner Analysis               :  Yes
  Enable Pessimism Removal                   :  Yes
  Pessimism Removal Resolution               :  Nearest Common Node
  Enable Input Delay Default Clock           :  No
  Enable Preset / Clear Arcs                 :  No
  Disable Flight Delays                      :  No
  Ignore I/O Paths                           :  No
  Timing Early Launch at Borrowing Latches   :  No
  Borrow Time for Max Delay Exceptions       :  Yes
  Merge Timing Exceptions                    :  Yes
  Inter-SLR Compensation                     :  Conservative

  Corner  Analyze    Analyze    
  Name    Max Paths  Min Paths  
  ------  ---------  ---------  
  Slow    Yes        Yes        
  Fast    Yes        Yes        


------------------------------------------------------------------------------------------------
| Report Methodology
| ------------------
------------------------------------------------------------------------------------------------

Rule     Severity  Description                   Violations  
-------  --------  ----------------------------  ----------  
LUTAR-1  Warning   LUT drives async reset alert  5           

Note: This report is based on the most recent report_methodology run and may not be up-to-date. Run report_methodology on the current design for the latest report.



check_timing report

Table of Contents
-----------------
1. checking no_clock (0)
2. checking constant_clock (0)
3. checking pulse_width_clock (0)
4. checking unconstrained_internal_endpoints (0)
5. checking no_input_delay (0)
6. checking no_output_delay (0)
7. checking multiple_clock (0)
8. checking generated_clocks (0)
9. checking loops (0)
10. checking partial_input_delay (0)
11. checking partial_output_delay (0)
12. checking latch_loops (0)

1. checking no_clock (0)
------------------------
 There are 0 register/latch pins with no clock.


2. checking constant_clock (0)
------------------------------
 There are 0 register/latch pins with constant_clock.


3. checking pulse_width_clock (0)
---------------------------------
 There are 0 register/latch pins which need pulse_width check


4. checking unconstrained_internal_endpoints (0)
------------------------------------------------
 There are 0 pins that are not constrained for maximum delay.

 There are 0 pins that are not constrained for maximum delay due to constant clock.


5. checking no_input_delay (0)
------------------------------
 There are 0 input ports with no input delay specified.

 There are 0 input ports with no input delay but user has a false path constraint.


6. checking no_output_delay (0)
-------------------------------
 There are 0 ports with no output delay specified.

 There are 0 ports with no output delay but user has a false path constraint

 There are 0 ports with no output delay but with a timing clock defined on it or propagating through it


7. checking multiple_clock (0)
------------------------------
 There are 0 register/latch pins with multiple clocks.


8. checking generated_clocks (0)
--------------------------------
 There are 0 generated clocks that are not connected to a clock source.


9. checking loops (0)
---------------------
 There are 0 combinational loops in the design.


10. checking partial_input_delay (0)
------------------------------------
 There are 0 input ports with partial input delay specified.


11. checking partial_output_delay (0)
-------------------------------------
 There are 0 ports with partial output delay specified.


12. checking latch_loops (0)
----------------------------
 There are 0 combinational latch loops in the design through latch input



------------------------------------------------------------------------------------------------
| Design Timing Summary
| ---------------------
------------------------------------------------------------------------------------------------

    WNS(ns)      TNS(ns)  TNS Failing Endpoints  TNS Total Endpoints      WHS(ns)      THS(ns)  THS Failing Endpoints  THS Total Endpoints     WPWS(ns)     TPWS(ns)  TPWS Failing Endpoints  TPWS Total Endpoints  
    -------      -------  ---------------------  -------------------      -------      -------  ---------------------  -------------------     --------     --------  ----------------------  --------------------  
      6.289        0.000                      0                21485        0.015        0.000                      0                21421       11.958        0.000                       0                  5168  


All user specified timing constraints are met.


------------------------------------------------------------------------------------------------
| Clock Summary
| -------------
------------------------------------------------------------------------------------------------

Clock                                                                                                Waveform(ns)       Period(ns)      Frequency(MHz)
-----                                                                                                ------------       ----------      --------------
clk_pl_0                                                                                             {0.000 12.500}     25.000          40.000          
dbg_hub/inst/BSCANID.u_xsdbm_id/SWITCH_N_EXT_BSCAN.bscan_inst/SERIES7_BSCAN.bscan_inst/INTERNAL_TCK  {0.000 25.000}     50.000          20.000          


------------------------------------------------------------------------------------------------
| Intra Clock Table
| -----------------
------------------------------------------------------------------------------------------------

Clock                                                                                                    WNS(ns)      TNS(ns)  TNS Failing Endpoints  TNS Total Endpoints      WHS(ns)      THS(ns)  THS Failing Endpoints  THS Total Endpoints     WPWS(ns)     TPWS(ns)  TPWS Failing Endpoints  TPWS Total Endpoints  
-----                                                                                                    -------      -------  ---------------------  -------------------      -------      -------  ---------------------  -------------------     --------     --------  ----------------------  --------------------  
clk_pl_0                                                                                                   6.289        0.000                      0                20272        0.015        0.000                      0                20224       11.958        0.000                       0                  4689  
dbg_hub/inst/BSCANID.u_xsdbm_id/SWITCH_N_EXT_BSCAN.bscan_inst/SERIES7_BSCAN.bscan_inst/INTERNAL_TCK       13.667        0.000                      0                  992        0.018        0.000                      0                  992       24.468        0.000                       0                   479  


------------------------------------------------------------------------------------------------
| Inter Clock Table
| -----------------
------------------------------------------------------------------------------------------------

From Clock                                                                                           To Clock                                                                                                 WNS(ns)      TNS(ns)  TNS Failing Endpoints  TNS Total Endpoints      WHS(ns)      THS(ns)  THS Failing Endpoints  THS Total Endpoints  
----------                                                                                           --------                                                                                                 -------      -------  ---------------------  -------------------      -------      -------  ---------------------  -------------------  
dbg_hub/inst/BSCANID.u_xsdbm_id/SWITCH_N_EXT_BSCAN.bscan_inst/SERIES7_BSCAN.bscan_inst/INTERNAL_TCK  clk_pl_0                                                                                                  49.573        0.000                      0                    8                                                                        
clk_pl_0                                                                                             dbg_hub/inst/BSCANID.u_xsdbm_id/SWITCH_N_EXT_BSCAN.bscan_inst/SERIES7_BSCAN.bscan_inst/INTERNAL_TCK       24.398        0.000                      0                    8                                                                        


------------------------------------------------------------------------------------------------
| Other Path Groups Table
| -----------------------
------------------------------------------------------------------------------------------------

Path Group                                                                                           From Clock                                                                                           To Clock                                                                                                 WNS(ns)      TNS(ns)  TNS Failing Endpoints  TNS Total Endpoints      WHS(ns)      THS(ns)  THS Failing Endpoints  THS Total Endpoints  
----------                                                                                           ----------                                                                                           --------                                                                                                 -------      -------  ---------------------  -------------------      -------      -------  ---------------------  -------------------  
**async_default**                                                                                    clk_pl_0                                                                                             clk_pl_0                                                                                                  23.907        0.000                      0                  105        0.103        0.000                      0                  105  
**async_default**                                                                                    dbg_hub/inst/BSCANID.u_xsdbm_id/SWITCH_N_EXT_BSCAN.bscan_inst/SERIES7_BSCAN.bscan_inst/INTERNAL_TCK  dbg_hub/inst/BSCANID.u_xsdbm_id/SWITCH_N_EXT_BSCAN.bscan_inst/SERIES7_BSCAN.bscan_inst/INTERNAL_TCK       46.817        0.000                      0                  100        0.099        0.000                      0                  100  


------------------------------------------------------------------------------------------------
| Timing Details
| --------------
------------------------------------------------------------------------------------------------


---------------------------------------------------------------------------------------------------
From Clock:  clk_pl_0
  To Clock:  clk_pl_0

Setup :            0  Failing Endpoints,  Worst Slack        6.289ns,  Total Violation        0.000ns
Hold  :            0  Failing Endpoints,  Worst Slack        0.015ns,  Total Violation        0.000ns
PW    :            0  Failing Endpoints,  Worst Slack       11.958ns,  Total Violation        0.000ns
---------------------------------------------------------------------------------------------------


Max Delay Paths
--------------------------------------------------------------------------------------
Slack (MET) :             6.289ns  (required time - arrival time)
  Source:                 jfs_i/sr0/inst/u_axi_rgb_endpoint/u_sr_pipeline/g_official_span_core.u_span_core/g_full_official_frame_engine.u_full_span_engine/op_idx_reg[0]/C
                            (rising edge-triggered cell FDRE clocked by clk_pl_0  {rise@0.000ns fall@12.500ns period=25.000ns})
  Destination:            jfs_i/sr0/inst/u_axi_rgb_endpoint/u_sr_pipeline/g_official_span_core.u_span_core/g_full_official_frame_engine.u_full_span_engine/buf_c2_wdata_reg[4]/D
                            (rising edge-triggered cell FDRE clocked by clk_pl_0  {rise@0.000ns fall@12.500ns period=25.000ns})
  Path Group:             clk_pl_0
  Path Type:              Setup (Max at Slow Process Corner)
  Requirement:            25.000ns  (clk_pl_0 rise@25.000ns - clk_pl_0 rise@0.000ns)
  Data Path Delay:        18.239ns  (logic 4.054ns (22.227%)  route 14.185ns (77.773%))
  Logic Levels:           34  (CARRY8=12 LUT2=3 LUT3=2 LUT4=2 LUT5=12 LUT6=2 MUXF7=1)
  Clock Path Skew:        -0.268ns (DCD - SCD + CPR)
    Destination Clock Delay (DCD):    1.669ns = ( 26.669 - 25.000 ) 
    Source Clock Delay      (SCD):    2.026ns
    Clock Pessimism Removal (CPR):    0.090ns
  Clock Uncertainty:      0.229ns  ((TSJ^2 + DJ^2)^1/2) / 2 + PE
    Total System Jitter     (TSJ):    0.071ns
    Discrete Jitter          (DJ):    0.453ns
    Phase Error              (PE):    0.000ns
  Clock Net Delay (Source):      1.779ns (routing 0.405ns, distribution 1.374ns)
  Clock Net Delay (Destination): 1.471ns (routing 0.364ns, distribution 1.107ns)

    Location             Delay type                Incr(ns)  Path(ns)    Netlist Resource(s)
  -------------------------------------------------------------------    -------------------
                         (clock clk_pl_0 rise edge)
                                                      0.000     0.000 r  
    PS8_X0Y0             PS8                          0.000     0.000 r  jfs_i/ps/inst/PS8_i/PLCLK[0]
                         net (fo=1, routed)           0.219     0.219    jfs_i/ps/inst/pl_clk_unbuffered[0]
    BUFG_PS_X0Y56        BUFG_PS (Prop_BUFG_PS_I_O)
                                                      0.028     0.247 r  jfs_i/ps/inst/buffer_pl_clk_0.PL_CLK_0_BUFG/O
    X1Y3 (CLOCK_ROOT)    net (fo=4713, routed)        1.779     2.026    jfs_i/sr0/inst/u_axi_rgb_endpoint/u_sr_pipeline/g_official_span_core.u_span_core/g_full_official_frame_engine.u_full_span_engine/s_axi_aclk
    SLICE_X52Y261        FDRE                                         r  jfs_i/sr0/inst/u_axi_rgb_endpoint/u_sr_pipeline/g_official_span_core.u_span_core/g_full_official_frame_engine.u_full_span_engine/op_idx_reg[0]/C
  -------------------------------------------------------------------    -------------------
    SLICE_X52Y261        FDRE (Prop_DFF_SLICEL_C_Q)
                                                      0.079     2.105 r  jfs_i/sr0/inst/u_axi_rgb_endpoint/u_sr_pipeline/g_official_span_core.u_span_core/g_full_official_frame_engine.u_full_span_engine/op_idx_reg[0]/Q
                         net (fo=61, routed)          0.569     2.674    jfs_i/sr0/inst/u_axi_rgb_endpoint/u_sr_pipeline/g_official_span_core.u_span_core/g_full_official_frame_engine.u_full_span_engine/op[0]
    SLICE_X54Y261        LUT5 (Prop_B5LUT_SLICEL_I0_O)
                                                      0.141     2.815 r  jfs_i/sr0/inst/u_axi_rgb_endpoint/u_sr_pipeline/g_official_span_core.u_span_core/g_full_official_frame_engine.u_full_span_engine/g0_b0__20/O
                         net (fo=124, routed)         3.087     5.902    jfs_i/sr0/inst/u_axi_rgb_endpoint/u_sr_pipeline/g_official_span_core.u_span_core/g_full_official_frame_engine.u_full_span_engine/u_weight_bank/out[0]
    SLICE_X10Y390        LUT6 (Prop_D6LUT_SLICEL_I4_O)
                                                      0.146     6.048 r  jfs_i/sr0/inst/u_axi_rgb_endpoint/u_sr_pipeline/g_official_span_core.u_span_core/g_full_official_frame_engine.u_full_span_engine/u_weight_bank/acc_q[7]_i_110/O
                         net (fo=1, routed)           0.009     6.057    jfs_i/sr0/inst/u_axi_rgb_endpoint/u_sr_pipeline/g_official_span_core.u_span_core/g_full_official_frame_engine.u_full_span_engine/u_weight_bank/acc_q[7]_i_110_n_0
    SLICE_X10Y390        MUXF7 (Prop_F7MUX_CD_SLICEL_I0_O)
                                                      0.063     6.120 r  jfs_i/sr0/inst/u_axi_rgb_endpoint/u_sr_pipeline/g_official_span_core.u_span_core/g_full_official_frame_engine.u_full_span_engine/u_weight_bank/acc_q_reg[7]_i_80/O
                         net (fo=1, routed)           1.146     7.266    jfs_i/sr0/inst/u_axi_rgb_endpoint/u_sr_pipeline/g_official_span_core.u_span_core/g_full_official_frame_engine.u_full_span_engine/u_weight_bank/acc_q_reg[7]_i_80_n_0
    SLICE_X25Y327        LUT5 (Prop_H6LUT_SLICEL_I2_O)
                                                      0.090     7.356 r  jfs_i/sr0/inst/u_axi_rgb_endpoint/u_sr_pipeline/g_official_span_core.u_span_core/g_full_official_frame_engine.u_full_span_engine/u_weight_bank/acc_q[7]_i_43/O
                         net (fo=14, routed)          1.620     8.976    jfs_i/sr0/inst/u_axi_rgb_endpoint/u_sr_pipeline/g_official_span_core.u_span_core/g_full_official_frame_engine.u_full_span_engine/u_weight_bank/op_idx_reg[4]_4
    SLICE_X47Y241        LUT2 (Prop_D5LUT_SLICEM_I0_O)
                                                      0.135     9.111 r  jfs_i/sr0/inst/u_axi_rgb_endpoint/u_sr_pipeline/g_official_span_core.u_span_core/g_full_official_frame_engine.u_full_span_engine/u_weight_bank/acc_q[7]_i_53/O
                         net (fo=4, routed)           0.172     9.284    jfs_i/sr0/inst/u_axi_rgb_endpoint/u_sr_pipeline/g_official_span_core.u_span_core/g_full_official_frame_engine.u_full_span_engine/u_weight_bank/acc_q[7]_i_53_n_0
    SLICE_X47Y241        LUT5 (Prop_B6LUT_SLICEM_I4_O)
                                                      0.089     9.373 r  jfs_i/sr0/inst/u_axi_rgb_endpoint/u_sr_pipeline/g_official_span_core.u_span_core/g_full_official_frame_engine.u_full_span_engine/u_weight_bank/acc_q[7]_i_16/O
                         net (fo=2, routed)           0.106     9.479    jfs_i/sr0/inst/u_axi_rgb_endpoint/u_sr_pipeline/g_official_span_core.u_span_core/g_full_official_frame_engine.u_full_span_engine/u_weight_bank/acc_q[7]_i_16_n_0
    SLICE_X46Y241        LUT5 (Prop_E6LUT_SLICEL_I2_O)
                                                      0.147     9.626 r  jfs_i/sr0/inst/u_axi_rgb_endpoint/u_sr_pipeline/g_official_span_core.u_span_core/g_full_official_frame_engine.u_full_span_engine/u_weight_bank/acc_q[7]_i_23/O
                         net (fo=1, routed)           0.007     9.633    jfs_i/sr0/inst/u_axi_rgb_endpoint/u_sr_pipeline/g_official_span_core.u_span_core/g_full_official_frame_engine.u_full_span_engine/u_weight_bank/acc_q[7]_i_23_n_0
    SLICE_X46Y241        CARRY8 (Prop_CARRY8_SLICEL_S[4]_O[6])
                                                      0.126     9.759 r  jfs_i/sr0/inst/u_axi_rgb_endpoint/u_sr_pipeline/g_official_span_core.u_span_core/g_full_official_frame_engine.u_full_span_engine/u_weight_bank/acc_q_reg[7]_i_11/O[6]
                         net (fo=2, routed)           0.139     9.898    jfs_i/sr0/inst/u_axi_rgb_endpoint/u_sr_pipeline/g_official_span_core.u_span_core/g_full_official_frame_engine.u_full_span_engine/u_weight_bank/acc_q_reg[7]_i_11_n_9
    SLICE_X46Y243        LUT3 (Prop_C5LUT_SLICEL_I1_O)
                                                      0.158    10.056 r  jfs_i/sr0/inst/u_axi_rgb_endpoint/u_sr_pipeline/g_official_span_core.u_span_core/g_full_official_frame_engine.u_full_span_engine/u_weight_bank/acc_q[15]_i_23/O
                         net (fo=2, routed)           0.247    10.302    jfs_i/sr0/inst/u_axi_rgb_endpoint/u_sr_pipeline/g_official_span_core.u_span_core/g_full_official_frame_engine.u_full_span_engine/u_weight_bank/acc_q[15]_i_23_n_0
    SLICE_X46Y243        CARRY8 (Prop_CARRY8_SLICEL_DI[3]_O[5])
                                                      0.177    10.479 r  jfs_i/sr0/inst/u_axi_rgb_endpoint/u_sr_pipeline/g_official_span_core.u_span_core/g_full_official_frame_engine.u_full_span_engine/u_weight_bank/acc_q_reg[15]_i_12/O[5]
                         net (fo=1, routed)           0.379    10.858    jfs_i/sr0/inst/u_axi_rgb_endpoint/u_sr_pipeline/g_official_span_core.u_span_core/g_full_official_frame_engine.u_full_span_engine/u_weight_bank/product_ext[9]
    SLICE_X45Y243        LUT2 (Prop_B6LUT_SLICEL_I1_O)
                                                      0.036    10.894 r  jfs_i/sr0/inst/u_axi_rgb_endpoint/u_sr_pipeline/g_official_span_core.u_span_core/g_full_official_frame_engine.u_full_span_engine/u_weight_bank/acc_q[15]_i_10/O
                         net (fo=1, routed)           0.009    10.903    jfs_i/sr0/inst/u_axi_rgb_endpoint/u_sr_pipeline/g_official_span_core.u_span_core/g_full_official_frame_engine.u_full_span_engine/u_weight_bank/acc_q[15]_i_10_n_0
    SLICE_X45Y243        CARRY8 (Prop_CARRY8_SLICEL_S[1]_CO[7])
                                                      0.186    11.089 r  jfs_i/sr0/inst/u_axi_rgb_endpoint/u_sr_pipeline/g_official_span_core.u_span_core/g_full_official_frame_engine.u_full_span_engine/u_weight_bank/acc_q_reg[15]_i_2/CO[7]
                         net (fo=1, routed)           0.026    11.115    jfs_i/sr0/inst/u_axi_rgb_endpoint/u_sr_pipeline/g_official_span_core.u_span_core/g_full_official_frame_engine.u_full_span_engine/u_weight_bank/acc_q_reg[15]_i_2_n_0
    SLICE_X45Y244        CARRY8 (Prop_CARRY8_SLICEL_CI_O[7])
                                                      0.116    11.231 r  jfs_i/sr0/inst/u_axi_rgb_endpoint/u_sr_pipeline/g_official_span_core.u_span_core/g_full_official_frame_engine.u_full_span_engine/u_weight_bank/acc_q_reg[23]_i_2/O[7]
                         net (fo=5, routed)           0.283    11.514    jfs_i/sr0/inst/u_axi_rgb_endpoint/u_sr_pipeline/g_official_span_core.u_span_core/g_full_official_frame_engine.u_full_span_engine/u_weight_bank/acc_q_reg[23]_i_2_n_8
    SLICE_X46Y245        LUT2 (Prop_E6LUT_SLICEL_I0_O)
                                                      0.123    11.637 r  jfs_i/sr0/inst/u_axi_rgb_endpoint/u_sr_pipeline/g_official_span_core.u_span_core/g_full_official_frame_engine.u_full_span_engine/u_weight_bank/b5_2_mem0_wdata[7]_i_43/O
                         net (fo=1, routed)           0.007    11.644    jfs_i/sr0/inst/u_axi_rgb_endpoint/u_sr_pipeline/g_official_span_core.u_span_core/g_full_official_frame_engine.u_full_span_engine/u_weight_bank/b5_2_mem0_wdata[7]_i_43_n_0
    SLICE_X46Y245        CARRY8 (Prop_CARRY8_SLICEL_S[4]_CO[7])
                                                      0.153    11.797 f  jfs_i/sr0/inst/u_axi_rgb_endpoint/u_sr_pipeline/g_official_span_core.u_span_core/g_full_official_frame_engine.u_full_span_engine/u_weight_bank/b5_2_mem0_wdata_reg[7]_i_11/CO[7]
                         net (fo=1, routed)           0.026    11.823    jfs_i/sr0/inst/u_axi_rgb_endpoint/u_sr_pipeline/g_official_span_core.u_span_core/g_full_official_frame_engine.u_full_span_engine/u_weight_bank/b5_2_mem0_wdata_reg[7]_i_11_n_0
    SLICE_X46Y246        CARRY8 (Prop_CARRY8_SLICEL_CI_CO[4])
                                                      0.092    11.915 f  jfs_i/sr0/inst/u_axi_rgb_endpoint/u_sr_pipeline/g_official_span_core.u_span_core/g_full_official_frame_engine.u_full_span_engine/u_weight_bank/b5_2_mem0_wdata_reg[7]_i_3/CO[4]
                         net (fo=133, routed)         0.710    12.625    jfs_i/sr0/inst/u_axi_rgb_endpoint/u_sr_pipeline/g_official_span_core.u_span_core/g_full_official_frame_engine.u_full_span_engine/u_weight_bank/requant81
    SLICE_X41Y210        LUT3 (Prop_D5LUT_SLICEL_I1_O)
                                                      0.133    12.758 f  jfs_i/sr0/inst/u_axi_rgb_endpoint/u_sr_pipeline/g_official_span_core.u_span_core/g_full_official_frame_engine.u_full_span_engine/u_weight_bank/up_b_wdata[0]_i_3/O
                         net (fo=4, routed)           0.728    13.486    jfs_i/sr0/inst/u_axi_rgb_endpoint/u_sr_pipeline/g_official_span_core.u_span_core/g_full_official_frame_engine.u_full_span_engine/u_buf_a3_ram/up_b_wdata[7]_i_230_1
    SLICE_X34Y195        LUT6 (Prop_H6LUT_SLICEL_I5_O)
                                                      0.150    13.636 r  jfs_i/sr0/inst/u_axi_rgb_endpoint/u_sr_pipeline/g_official_span_core.u_span_core/g_full_official_frame_engine.u_full_span_engine/u_buf_a3_ram/up_b_wdata[7]_i_258/O
                         net (fo=1, routed)           0.412    14.048    jfs_i/sr0/inst/u_axi_rgb_endpoint/u_sr_pipeline/g_official_span_core.u_span_core/g_full_official_frame_engine.u_full_span_engine/u_buf_c3_ram/up_b_wdata[7]_i_228_2
    SLICE_X40Y206        LUT5 (Prop_G6LUT_SLICEL_I2_O)
                                                      0.149    14.197 r  jfs_i/sr0/inst/u_axi_rgb_endpoint/u_sr_pipeline/g_official_span_core.u_span_core/g_full_official_frame_engine.u_full_span_engine/u_buf_c3_ram/up_b_wdata[7]_i_230/O
                         net (fo=3, routed)           0.059    14.256    jfs_i/sr0/inst/u_axi_rgb_endpoint/u_sr_pipeline/g_official_span_core.u_span_core/g_full_official_frame_engine.u_full_span_engine/u_weight_bank/up_b_wdata[7]_i_191_0
    SLICE_X40Y206        LUT5 (Prop_C5LUT_SLICEL_I4_O)
                                                      0.136    14.392 r  jfs_i/sr0/inst/u_axi_rgb_endpoint/u_sr_pipeline/g_official_span_core.u_span_core/g_full_official_frame_engine.u_full_span_engine/u_weight_bank/up_b_wdata[7]_i_228/O
                         net (fo=1, routed)           0.161    14.553    jfs_i/sr0/inst/u_axi_rgb_endpoint/u_sr_pipeline/g_official_span_core.u_span_core/g_full_official_frame_engine.u_full_span_engine/u_weight_bank/up_b_wdata[7]_i_228_n_0
    SLICE_X40Y206        LUT5 (Prop_D5LUT_SLICEL_I0_O)
                                                      0.096    14.649 f  jfs_i/sr0/inst/u_axi_rgb_endpoint/u_sr_pipeline/g_official_span_core.u_span_core/g_full_official_frame_engine.u_full_span_engine/u_weight_bank/up_b_wdata[7]_i_191/O
                         net (fo=14, routed)          0.729    15.378    jfs_i/sr0/inst/u_axi_rgb_endpoint/u_sr_pipeline/g_official_span_core.u_span_core/g_full_official_frame_engine.u_full_span_engine/u_weight_bank/up_b_wdata[7]_i_191_n_0
    SLICE_X44Y205        LUT4 (Prop_D5LUT_SLICEL_I3_O)
                                                      0.157    15.535 r  jfs_i/sr0/inst/u_axi_rgb_endpoint/u_sr_pipeline/g_official_span_core.u_span_core/g_full_official_frame_engine.u_full_span_engine/u_weight_bank/up_b_wdata[3]_i_72/O
                         net (fo=2, routed)           0.253    15.788    jfs_i/sr0/inst/u_axi_rgb_endpoint/u_sr_pipeline/g_official_span_core.u_span_core/g_full_official_frame_engine.u_full_span_engine/u_weight_bank/up_b_wdata[3]_i_72_n_0
    SLICE_X45Y206        LUT5 (Prop_F6LUT_SLICEL_I0_O)
                                                      0.035    15.823 r  jfs_i/sr0/inst/u_axi_rgb_endpoint/u_sr_pipeline/g_official_span_core.u_span_core/g_full_official_frame_engine.u_full_span_engine/u_weight_bank/up_b_wdata[3]_i_57/O
                         net (fo=2, routed)           0.141    15.964    jfs_i/sr0/inst/u_axi_rgb_endpoint/u_sr_pipeline/g_official_span_core.u_span_core/g_full_official_frame_engine.u_full_span_engine/u_weight_bank/up_b_wdata[3]_i_57_n_0
    SLICE_X44Y206        LUT4 (Prop_F6LUT_SLICEL_I0_O)
                                                      0.049    16.013 r  jfs_i/sr0/inst/u_axi_rgb_endpoint/u_sr_pipeline/g_official_span_core.u_span_core/g_full_official_frame_engine.u_full_span_engine/u_weight_bank/up_b_wdata[3]_i_64/O
                         net (fo=1, routed)           0.011    16.024    jfs_i/sr0/inst/u_axi_rgb_endpoint/u_sr_pipeline/g_official_span_core.u_span_core/g_full_official_frame_engine.u_full_span_engine/u_weight_bank/up_b_wdata[3]_i_64_n_0
    SLICE_X44Y206        CARRY8 (Prop_CARRY8_SLICEL_S[5]_CO[7])
                                                      0.155    16.179 r  jfs_i/sr0/inst/u_axi_rgb_endpoint/u_sr_pipeline/g_official_span_core.u_span_core/g_full_official_frame_engine.u_full_span_engine/u_weight_bank/up_b_wdata_reg[3]_i_53/CO[7]
                         net (fo=1, routed)           0.026    16.205    jfs_i/sr0/inst/u_axi_rgb_endpoint/u_sr_pipeline/g_official_span_core.u_span_core/g_full_official_frame_engine.u_full_span_engine/u_weight_bank/up_b_wdata_reg[3]_i_53_n_0
    SLICE_X44Y207        CARRY8 (Prop_CARRY8_SLICEL_CI_O[2])
                                                      0.067    16.272 r  jfs_i/sr0/inst/u_axi_rgb_endpoint/u_sr_pipeline/g_official_span_core.u_span_core/g_full_official_frame_engine.u_full_span_engine/u_weight_bank/up_b_wdata_reg[7]_i_129/O[2]
                         net (fo=4, routed)           0.316    16.588    jfs_i/sr0/inst/u_axi_rgb_endpoint/u_sr_pipeline/g_official_span_core.u_span_core/g_full_official_frame_engine.u_full_span_engine/u_weight_bank/up_b_wdata_reg[7]_i_129_n_13
    SLICE_X42Y207        LUT5 (Prop_G6LUT_SLICEM_I2_O)
                                                      0.150    16.738 r  jfs_i/sr0/inst/u_axi_rgb_endpoint/u_sr_pipeline/g_official_span_core.u_span_core/g_full_official_frame_engine.u_full_span_engine/u_weight_bank/up_b_wdata[3]_i_24/O
                         net (fo=2, routed)           0.085    16.823    jfs_i/sr0/inst/u_axi_rgb_endpoint/u_sr_pipeline/g_official_span_core.u_span_core/g_full_official_frame_engine.u_full_span_engine/u_weight_bank/up_b_wdata[3]_i_24_n_0
    SLICE_X43Y207        LUT5 (Prop_H6LUT_SLICEL_I0_O)
                                                      0.090    16.913 r  jfs_i/sr0/inst/u_axi_rgb_endpoint/u_sr_pipeline/g_official_span_core.u_span_core/g_full_official_frame_engine.u_full_span_engine/u_weight_bank/up_b_wdata[3]_i_32/O
                         net (fo=1, routed)           0.010    16.923    jfs_i/sr0/inst/u_axi_rgb_endpoint/u_sr_pipeline/g_official_span_core.u_span_core/g_full_official_frame_engine.u_full_span_engine/u_weight_bank/up_b_wdata[3]_i_32_n_0
    SLICE_X43Y207        CARRY8 (Prop_CARRY8_SLICEL_S[7]_CO[7])
                                                      0.115    17.038 r  jfs_i/sr0/inst/u_axi_rgb_endpoint/u_sr_pipeline/g_official_span_core.u_span_core/g_full_official_frame_engine.u_full_span_engine/u_weight_bank/up_b_wdata_reg[3]_i_21/CO[7]
                         net (fo=1, routed)           0.026    17.064    jfs_i/sr0/inst/u_axi_rgb_endpoint/u_sr_pipeline/g_official_span_core.u_span_core/g_full_official_frame_engine.u_full_span_engine/u_weight_bank/up_b_wdata_reg[3]_i_21_n_0
    SLICE_X43Y208        CARRY8 (Prop_CARRY8_SLICEL_CI_O[5])
                                                      0.116    17.180 r  jfs_i/sr0/inst/u_axi_rgb_endpoint/u_sr_pipeline/g_official_span_core.u_span_core/g_full_official_frame_engine.u_full_span_engine/u_weight_bank/up_b_wdata_reg[7]_i_28/O[5]
                         net (fo=46, routed)          0.426    17.606    jfs_i/sr0/inst/u_axi_rgb_endpoint/u_sr_pipeline/g_official_span_core.u_span_core/g_full_official_frame_engine.u_full_span_engine/u_weight_bank/up_b_wdata_reg[7]_i_28_n_10
    SLICE_X42Y209        CARRY8 (Prop_CARRY8_SLICEM_S[5]_CO[7])
                                                      0.159    17.765 f  jfs_i/sr0/inst/u_axi_rgb_endpoint/u_sr_pipeline/g_official_span_core.u_span_core/g_full_official_frame_engine.u_full_span_engine/u_weight_bank/up_b_wdata_reg[7]_i_53/CO[7]
                         net (fo=1, routed)           0.052    17.817    jfs_i/sr0/inst/u_axi_rgb_endpoint/u_sr_pipeline/g_official_span_core.u_span_core/g_full_official_frame_engine.u_full_span_engine/u_weight_bank/up_b_wdata_reg[7]_i_53_n_0
    SLICE_X42Y210        CARRY8 (Prop_CARRY8_SLICEM_CI_CO[4])
                                                      0.092    17.909 f  jfs_i/sr0/inst/u_axi_rgb_endpoint/u_sr_pipeline/g_official_span_core.u_span_core/g_full_official_frame_engine.u_full_span_engine/u_weight_bank/up_b_wdata_reg[7]_i_27/CO[4]
                         net (fo=8, routed)           0.377    18.286    jfs_i/sr0/inst/u_axi_rgb_endpoint/u_sr_pipeline/g_official_span_core.u_span_core/g_full_official_frame_engine.u_full_span_engine/u_weight_bank/sat81
    SLICE_X45Y209        LUT5 (Prop_B6LUT_SLICEL_I3_O)
                                                      0.051    18.337 r  jfs_i/sr0/inst/u_axi_rgb_endpoint/u_sr_pipeline/g_official_span_core.u_span_core/g_full_official_frame_engine.u_full_span_engine/u_weight_bank/up_b_wdata[4]_i_2/O
                         net (fo=1, routed)           0.266    18.603    jfs_i/sr0/inst/u_axi_rgb_endpoint/u_sr_pipeline/g_official_span_core.u_span_core/g_full_official_frame_engine.u_full_span_engine/u_weight_bank/up_b_wdata[4]_i_2_n_0
    SLICE_X46Y211        LUT5 (Prop_G6LUT_SLICEL_I4_O)
                                                      0.097    18.700 r  jfs_i/sr0/inst/u_axi_rgb_endpoint/u_sr_pipeline/g_official_span_core.u_span_core/g_full_official_frame_engine.u_full_span_engine/u_weight_bank/up_b_wdata[4]_i_1/O
                         net (fo=31, routed)          1.565    20.265    jfs_i/sr0/inst/u_axi_rgb_endpoint/u_sr_pipeline/g_official_span_core.u_span_core/g_full_official_frame_engine.u_full_span_engine/u_weight_bank_n_55
    SLICE_X15Y202        FDRE                                         r  jfs_i/sr0/inst/u_axi_rgb_endpoint/u_sr_pipeline/g_official_span_core.u_span_core/g_full_official_frame_engine.u_full_span_engine/buf_c2_wdata_reg[4]/D
  -------------------------------------------------------------------    -------------------

                         (clock clk_pl_0 rise edge)
                                                     25.000    25.000 r  
    PS8_X0Y0             PS8                          0.000    25.000 r  jfs_i/ps/inst/PS8_i/PLCLK[0]
                         net (fo=1, routed)           0.173    25.173    jfs_i/ps/inst/pl_clk_unbuffered[0]
    BUFG_PS_X0Y56        BUFG_PS (Prop_BUFG_PS_I_O)
                                                      0.025    25.198 r  jfs_i/ps/inst/buffer_pl_clk_0.PL_CLK_0_BUFG/O
    X1Y3 (CLOCK_ROOT)    net (fo=4713, routed)        1.471    26.669    jfs_i/sr0/inst/u_axi_rgb_endpoint/u_sr_pipeline/g_official_span_core.u_span_core/g_full_official_frame_engine.u_full_span_engine/s_axi_aclk
    SLICE_X15Y202        FDRE                                         r  jfs_i/sr0/inst/u_axi_rgb_endpoint/u_sr_pipeline/g_official_span_core.u_span_core/g_full_official_frame_engine.u_full_span_engine/buf_c2_wdata_reg[4]/C
                         clock pessimism              0.090    26.759    
                         clock uncertainty           -0.229    26.529    
    SLICE_X15Y202        FDRE (Setup_HFF_SLICEL_C_D)
                                                      0.025    26.554    jfs_i/sr0/inst/u_axi_rgb_endpoint/u_sr_pipeline/g_official_span_core.u_span_core/g_full_official_frame_engine.u_full_span_engine/buf_c2_wdata_reg[4]
  -------------------------------------------------------------------
                         required time                         26.554    
                         arrival time                         -20.265    
  -------------------------------------------------------------------
                         slack                                  6.289    





Min Delay Paths
--------------------------------------------------------------------------------------
Slack (MET) :             0.015ns  (arrival time - required time)
  Source:                 jfs_wrapper/jfs/jfs_ja_0/<hidden>/<hidden>
                            (rising edge-triggered cell FDRE clocked by clk_pl_0  {rise@0.000ns fall@12.500ns period=25.000ns})
  Destination:            jfs_wrapper/jfs/jfs_ja_0/<hidden>/<hidden>
                            (rising edge-triggered cell FDRE clocked by clk_pl_0  {rise@0.000ns fall@12.500ns period=25.000ns})
  Path Group:             clk_pl_0
  Path Type:              Hold (Min at Slow Process Corner)
  Requirement:            0.000ns  (clk_pl_0 rise@0.000ns - clk_pl_0 rise@0.000ns)
  Data Path Delay:        0.182ns  (logic 0.082ns (45.157%)  route 0.100ns (54.843%))
  Logic Levels:           1  (LUT6=1)
  Clock Path Skew:        0.107ns (DCD - SCD - CPR)
    Destination Clock Delay (DCD):    2.092ns
    Source Clock Delay      (SCD):    1.816ns
    Clock Pessimism Removal (CPR):    0.170ns
  Clock Net Delay (Source):      1.618ns (routing 0.364ns, distribution 1.254ns)
  Clock Net Delay (Destination): 1.845ns (routing 0.405ns, distribution 1.440ns)

    Location             Delay type                Incr(ns)  Path(ns)    Netlist Resource(s)
  -------------------------------------------------------------------    -------------------
                         (clock clk_pl_0 rise edge)
                                                      0.000     0.000 r  
    PS8_X0Y0             PS8                          0.000     0.000 r  jfs_i/ps/inst/PS8_i/PLCLK[0]
                         net (fo=1, routed)           0.173     0.173    jfs_i/ps/inst/pl_clk_unbuffered[0]
    BUFG_PS_X0Y56        BUFG_PS (Prop_BUFG_PS_I_O)
                                                      0.025     0.198 r  jfs_i/ps/inst/buffer_pl_clk_0.PL_CLK_0_BUFG/O
    X1Y3 (CLOCK_ROOT)    net (fo=4713, routed)        1.618     1.816    jfs_wrapper/jfs/jfs_ja_0/<hidden>/<hidden>
    SLICE_X68Y316        FDRE                                         r  jfs_wrapper/jfs/jfs_ja_0/<hidden>/<hidden>
  -------------------------------------------------------------------    -------------------
    SLICE_X68Y316        FDRE (Prop_EFF2_SLICEL_C_Q)
                                                      0.060     1.876 r  jfs_wrapper/jfs/jfs_ja_0/<hidden>/<hidden>
                         net (fo=12, routed)          0.076     1.951    jfs_wrapper/jfs/jfs_ja_0/<hidden>/<hidden>
    SLICE_X69Y316        LUT6 (Prop_C6LUT_SLICEL_I2_O)
                                                      0.022     1.973 r  jfs_wrapper/jfs/jfs_ja_0/<hidden>/<hidden>
                         net (fo=1, routed)           0.024     1.997    jfs_wrapper/jfs/jfs_ja_0/<hidden>/<hidden>
    SLICE_X69Y316        FDRE                                         r  jfs_wrapper/jfs/jfs_ja_0/<hidden>/<hidden>
  -------------------------------------------------------------------    -------------------

                         (clock clk_pl_0 rise edge)
                                                      0.000     0.000 r  
    PS8_X0Y0             PS8                          0.000     0.000 r  jfs_i/ps/inst/PS8_i/PLCLK[0]
                         net (fo=1, routed)           0.219     0.219    jfs_i/ps/inst/pl_clk_unbuffered[0]
    BUFG_PS_X0Y56        BUFG_PS (Prop_BUFG_PS_I_O)
                                                      0.028     0.247 r  jfs_i/ps/inst/buffer_pl_clk_0.PL_CLK_0_BUFG/O
    X1Y3 (CLOCK_ROOT)    net (fo=4713, routed)        1.845     2.092    jfs_wrapper/jfs/jfs_ja_0/<hidden>/<hidden>
    SLICE_X69Y316        FDRE                                         r  jfs_wrapper/jfs/jfs_ja_0/<hidden>/<hidden>
                         clock pessimism             -0.170     1.922    
    SLICE_X69Y316        FDRE (Hold_CFF_SLICEL_C_D)
                                                      0.060     1.982    jfs_wrapper/jfs/jfs_ja_0/<hidden>/<hidden>
  -------------------------------------------------------------------
                         required time                         -1.982    
                         arrival time                           1.997    
  -------------------------------------------------------------------
                         slack                                  0.015    





Pulse Width Checks
--------------------------------------------------------------------------------------
Clock Name:         clk_pl_0
Waveform(ns):       { 0.000 12.500 }
Period(ns):         25.000
Sources:            { jfs_i/ps/inst/PS8_i/PLCLK[0] }

Check Type        Corner  Lib Pin             Reference Pin  Required(ns)  Actual(ns)  Slack(ns)  Location      Pin
Min Period        n/a     RAMB36E2/CLKARDCLK  n/a            1.569         25.000      23.431     RAMB36_X5Y34  jfs_i/sr0/inst/u_axi_rgb_endpoint/u_sr_pipeline/g_official_span_core.u_span_core/g_full_official_frame_engine.u_full_span_engine/u_b1_mem0_ram/g_banked_ram.g_bank[0].mem_reg_bram_0/CLKARDCLK
Low Pulse Width   Slow    RAMB36E2/CLKARDCLK  n/a            0.542         12.500      11.958     RAMB36_X5Y63  jfs_i/ja/inst/jtag_axi_engine_u/rd_cmd_fifo_i/inst_fifo_gen/gconvfifo.rf/grf.rf/gntv_or_sync_fifo.mem/gbm.gbmg.gbmga.ngecc.bmg/inst_blk_mem_gen/gnbram.gnativebmg.native_blk_mem_gen/valid.cstr/ramloop[0].ram.r/prim_noinit.ram/DEVICE_8SERIES.NO_BMM_INFO.SDP.WIDE_PRIM36_NO_ECC.ram/CLKARDCLK
High Pulse Width  Slow    RAMB36E2/CLKARDCLK  n/a            0.542         12.500      11.958     RAMB36_X5Y63  jfs_i/ja/inst/jtag_axi_engine_u/rd_cmd_fifo_i/inst_fifo_gen/gconvfifo.rf/grf.rf/gntv_or_sync_fifo.mem/gbm.gbmg.gbmga.ngecc.bmg/inst_blk_mem_gen/gnbram.gnativebmg.native_blk_mem_gen/valid.cstr/ramloop[0].ram.r/prim_noinit.ram/DEVICE_8SERIES.NO_BMM_INFO.SDP.WIDE_PRIM36_NO_ECC.ram/CLKARDCLK



---------------------------------------------------------------------------------------------------
From Clock:  dbg_hub/inst/BSCANID.u_xsdbm_id/SWITCH_N_EXT_BSCAN.bscan_inst/SERIES7_BSCAN.bscan_inst/INTERNAL_TCK
  To Clock:  dbg_hub/inst/BSCANID.u_xsdbm_id/SWITCH_N_EXT_BSCAN.bscan_inst/SERIES7_BSCAN.bscan_inst/INTERNAL_TCK

Setup :            0  Failing Endpoints,  Worst Slack       13.667ns,  Total Violation        0.000ns
Hold  :            0  Failing Endpoints,  Worst Slack        0.018ns,  Total Violation        0.000ns
PW    :            0  Failing Endpoints,  Worst Slack       24.468ns,  Total Violation        0.000ns
---------------------------------------------------------------------------------------------------


Max Delay Paths
--------------------------------------------------------------------------------------
Slack (MET) :             13.667ns  (required time - arrival time)
  Source:                 dbg_hub/inst/BSCANID.u_xsdbm_id/CORE_XSDB.U_ICON/iTDO_reg/C
                            (rising edge-triggered cell FDRE clocked by dbg_hub/inst/BSCANID.u_xsdbm_id/SWITCH_N_EXT_BSCAN.bscan_inst/SERIES7_BSCAN.bscan_inst/INTERNAL_TCK  {rise@0.000ns fall@25.000ns period=50.000ns})
  Destination:            dbg_hub/inst/BSCANID.u_xsdbm_id/SWITCH_N_EXT_BSCAN.bscan_inst/SERIES7_BSCAN.bscan_inst/TDO
                            (falling edge-triggered cell BSCANE2 clocked by dbg_hub/inst/BSCANID.u_xsdbm_id/SWITCH_N_EXT_BSCAN.bscan_inst/SERIES7_BSCAN.bscan_inst/INTERNAL_TCK  {rise@0.000ns fall@25.000ns period=50.000ns})
  Path Group:             dbg_hub/inst/BSCANID.u_xsdbm_id/SWITCH_N_EXT_BSCAN.bscan_inst/SERIES7_BSCAN.bscan_inst/INTERNAL_TCK
  Path Type:              Setup (Max at Slow Process Corner)
  Requirement:            25.000ns  (dbg_hub/inst/BSCANID.u_xsdbm_id/SWITCH_N_EXT_BSCAN.bscan_inst/SERIES7_BSCAN.bscan_inst/INTERNAL_TCK fall@25.000ns - dbg_hub/inst/BSCANID.u_xsdbm_id/SWITCH_N_EXT_BSCAN.bscan_inst/SERIES7_BSCAN.bscan_inst/INTERNAL_TCK rise@0.000ns)
  Data Path Delay:        2.839ns  (logic 0.270ns (9.511%)  route 2.569ns (90.489%))
  Logic Levels:           2  (LUT3=1 LUT6=1)
  Clock Path Skew:        -8.259ns (DCD - SCD + CPR)
    Destination Clock Delay (DCD):    0.000ns = ( 25.000 - 25.000 ) 
    Source Clock Delay      (SCD):    8.259ns
    Clock Pessimism Removal (CPR):    0.000ns
  Clock Uncertainty:      0.235ns  ((TSJ^2 + TIJ^2)^1/2 + DJ) / 2 + PE + DCD
    Total System Jitter     (TSJ):    0.071ns
    Total Input Jitter      (TIJ):    0.000ns
    Discrete Jitter          (DJ):    0.000ns
    Phase Error              (PE):    0.000ns
    Duty Cycle Distortion   (DCD):    0.200ns
  Clock Net Delay (Source):      2.304ns (routing 1.075ns, distribution 1.229ns)

    Location             Delay type                Incr(ns)  Path(ns)    Netlist Resource(s)
  -------------------------------------------------------------------    -------------------
                         (clock dbg_hub/inst/BSCANID.u_xsdbm_id/SWITCH_N_EXT_BSCAN.bscan_inst/SERIES7_BSCAN.bscan_inst/INTERNAL_TCK rise edge)
                                                      0.000     0.000 r  
    CONFIG_SITE_X0Y0     BSCANE2                      0.000     0.000 r  dbg_hub/inst/BSCANID.u_xsdbm_id/SWITCH_N_EXT_BSCAN.bscan_inst/SERIES7_BSCAN.bscan_inst/INTERNAL_TCK
    CONFIG_SITE_X0Y0     BSCANE2 (Prop_BSCAN1_CONFIG_SITE_INTERNAL_TCK_TCK)
                                                      4.300     4.300 r  dbg_hub/inst/BSCANID.u_xsdbm_id/SWITCH_N_EXT_BSCAN.bscan_inst/SERIES7_BSCAN.bscan_inst/TCK
                         net (fo=1, routed)           1.627     5.927    dbg_hub/inst/BSCANID.u_xsdbm_id/tck_bs
    BUFGCE_X0Y20         BUFGCE (Prop_BUFCE_BUFGCE_I_O)
                                                      0.028     5.955 r  dbg_hub/inst/BSCANID.u_xsdbm_id/SWITCH_N_EXT_BSCAN.u_bufg_icon_tck/O
    X2Y3 (CLOCK_ROOT)    net (fo=478, routed)         2.304     8.259    dbg_hub/inst/BSCANID.u_xsdbm_id/CORE_XSDB.U_ICON/m_bscan_tck[0]
    SLICE_X72Y330        FDRE                                         r  dbg_hub/inst/BSCANID.u_xsdbm_id/CORE_XSDB.U_ICON/iTDO_reg/C
  -------------------------------------------------------------------    -------------------
    SLICE_X72Y330        FDRE (Prop_DFF2_SLICEL_C_Q)
                                                      0.081     8.340 r  dbg_hub/inst/BSCANID.u_xsdbm_id/CORE_XSDB.U_ICON/iTDO_reg/Q
                         net (fo=1, routed)           1.912    10.252    dbg_hub/inst/BSCANID.u_xsdbm_id/TDO
    SLICE_X84Y117        LUT3 (Prop_B6LUT_SLICEL_I2_O)
                                                      0.090    10.342 r  dbg_hub/inst/BSCANID.u_xsdbm_id/SWITCH_N_EXT_BSCAN.bscan_switch_i_1/O
                         net (fo=2, routed)           0.199    10.541    dbg_hub/inst/BSCANID.u_xsdbm_id/SWITCH_N_EXT_BSCAN.bscan_switch/m_bscan_tdo[0]
    SLICE_X88Y115        LUT6 (Prop_H6LUT_SLICEL_I5_O)
                                                      0.099    10.640 r  dbg_hub/inst/BSCANID.u_xsdbm_id/SWITCH_N_EXT_BSCAN.bscan_switch/s_bscan_tdo_INST_0/O
                         net (fo=1, routed)           0.458    11.098    dbg_hub/inst/BSCANID.u_xsdbm_id/SWITCH_N_EXT_BSCAN.bscan_inst/TDO
    CONFIG_SITE_X0Y0     BSCANE2                                      r  dbg_hub/inst/BSCANID.u_xsdbm_id/SWITCH_N_EXT_BSCAN.bscan_inst/SERIES7_BSCAN.bscan_inst/TDO
  -------------------------------------------------------------------    -------------------

                         (clock dbg_hub/inst/BSCANID.u_xsdbm_id/SWITCH_N_EXT_BSCAN.bscan_inst/SERIES7_BSCAN.bscan_inst/INTERNAL_TCK fall edge)
                                                     25.000    25.000 f  
    CONFIG_SITE_X0Y0     BSCANE2                      0.000    25.000 f  dbg_hub/inst/BSCANID.u_xsdbm_id/SWITCH_N_EXT_BSCAN.bscan_inst/SERIES7_BSCAN.bscan_inst/INTERNAL_TCK
                         clock pessimism              0.000    25.000    
                         clock uncertainty           -0.235    24.765    
    CONFIG_SITE_X0Y0     BSCANE2 (Setup_BSCAN1_CONFIG_SITE_INTERNAL_TCK_TDO)
                                                      0.000    24.765    dbg_hub/inst/BSCANID.u_xsdbm_id/SWITCH_N_EXT_BSCAN.bscan_inst/SERIES7_BSCAN.bscan_inst
  -------------------------------------------------------------------
                         required time                         24.765    
                         arrival time                         -11.098    
  -------------------------------------------------------------------
                         slack                                 13.667    





Min Delay Paths
--------------------------------------------------------------------------------------
Slack (MET) :             0.018ns  (arrival time - required time)
  Source:                 dbg_hub/inst/BSCANID.u_xsdbm_id/SWITCH_N_EXT_BSCAN.bscan_switch/shiftreg_reg[22]/C
                            (rising edge-triggered cell FDRE clocked by dbg_hub/inst/BSCANID.u_xsdbm_id/SWITCH_N_EXT_BSCAN.bscan_inst/SERIES7_BSCAN.bscan_inst/INTERNAL_TCK  {rise@0.000ns fall@25.000ns period=50.000ns})
  Destination:            dbg_hub/inst/BSCANID.u_xsdbm_id/SWITCH_N_EXT_BSCAN.bscan_switch/shiftreg_reg[21]/D
                            (rising edge-triggered cell FDRE clocked by dbg_hub/inst/BSCANID.u_xsdbm_id/SWITCH_N_EXT_BSCAN.bscan_inst/SERIES7_BSCAN.bscan_inst/INTERNAL_TCK  {rise@0.000ns fall@25.000ns period=50.000ns})
  Path Group:             dbg_hub/inst/BSCANID.u_xsdbm_id/SWITCH_N_EXT_BSCAN.bscan_inst/SERIES7_BSCAN.bscan_inst/INTERNAL_TCK
  Path Type:              Hold (Min at Slow Process Corner)
  Requirement:            0.000ns  (dbg_hub/inst/BSCANID.u_xsdbm_id/SWITCH_N_EXT_BSCAN.bscan_inst/SERIES7_BSCAN.bscan_inst/INTERNAL_TCK rise@0.000ns - dbg_hub/inst/BSCANID.u_xsdbm_id/SWITCH_N_EXT_BSCAN.bscan_inst/SERIES7_BSCAN.bscan_inst/INTERNAL_TCK rise@0.000ns)
  Data Path Delay:        0.175ns  (logic 0.080ns (45.724%)  route 0.095ns (54.276%))
  Logic Levels:           1  (LUT5=1)
  Clock Path Skew:        0.097ns (DCD - SCD - CPR)
    Destination Clock Delay (DCD):    8.350ns
    Source Clock Delay      (SCD):    3.727ns
    Clock Pessimism Removal (CPR):    4.526ns
  Clock Net Delay (Source):      2.125ns (routing 0.977ns, distribution 1.148ns)
  Clock Net Delay (Destination): 2.395ns (routing 1.075ns, distribution 1.320ns)

    Location             Delay type                Incr(ns)  Path(ns)    Netlist Resource(s)
  -------------------------------------------------------------------    -------------------
                         (clock dbg_hub/inst/BSCANID.u_xsdbm_id/SWITCH_N_EXT_BSCAN.bscan_inst/SERIES7_BSCAN.bscan_inst/INTERNAL_TCK rise edge)
                                                      0.000     0.000 r  
    CONFIG_SITE_X0Y0     BSCANE2                      0.000     0.000 r  dbg_hub/inst/BSCANID.u_xsdbm_id/SWITCH_N_EXT_BSCAN.bscan_inst/SERIES7_BSCAN.bscan_inst/INTERNAL_TCK
    CONFIG_SITE_X0Y0     BSCANE2 (Prop_BSCAN1_CONFIG_SITE_INTERNAL_TCK_TCK)
                                                      0.465     0.465 r  dbg_hub/inst/BSCANID.u_xsdbm_id/SWITCH_N_EXT_BSCAN.bscan_inst/SERIES7_BSCAN.bscan_inst/TCK
                         net (fo=1, routed)           1.113     1.578    dbg_hub/inst/BSCANID.u_xsdbm_id/tck_bs
    BUFGCE_X0Y20         BUFGCE (Prop_BUFCE_BUFGCE_I_O)
                                                      0.024     1.602 r  dbg_hub/inst/BSCANID.u_xsdbm_id/SWITCH_N_EXT_BSCAN.u_bufg_icon_tck/O
    X2Y3 (CLOCK_ROOT)    net (fo=478, routed)         2.125     3.727    dbg_hub/inst/BSCANID.u_xsdbm_id/SWITCH_N_EXT_BSCAN.bscan_switch/s_bscan_tck
    SLICE_X89Y117        FDRE                                         r  dbg_hub/inst/BSCANID.u_xsdbm_id/SWITCH_N_EXT_BSCAN.bscan_switch/shiftreg_reg[22]/C
  -------------------------------------------------------------------    -------------------
    SLICE_X89Y117        FDRE (Prop_HFF_SLICEM_C_Q)
                                                      0.058     3.785 r  dbg_hub/inst/BSCANID.u_xsdbm_id/SWITCH_N_EXT_BSCAN.bscan_switch/shiftreg_reg[22]/Q
                         net (fo=3, routed)           0.072     3.857    dbg_hub/inst/BSCANID.u_xsdbm_id/SWITCH_N_EXT_BSCAN.bscan_switch/shiftreg[22]
    SLICE_X87Y118        LUT5 (Prop_A6LUT_SLICEL_I2_O)
                                                      0.022     3.879 r  dbg_hub/inst/BSCANID.u_xsdbm_id/SWITCH_N_EXT_BSCAN.bscan_switch/shiftreg[21]_i_1/O
                         net (fo=1, routed)           0.023     3.902    dbg_hub/inst/BSCANID.u_xsdbm_id/SWITCH_N_EXT_BSCAN.bscan_switch/shiftreg[21]_i_1_n_0
    SLICE_X87Y118        FDRE                                         r  dbg_hub/inst/BSCANID.u_xsdbm_id/SWITCH_N_EXT_BSCAN.bscan_switch/shiftreg_reg[21]/D
  -------------------------------------------------------------------    -------------------

                         (clock dbg_hub/inst/BSCANID.u_xsdbm_id/SWITCH_N_EXT_BSCAN.bscan_inst/SERIES7_BSCAN.bscan_inst/INTERNAL_TCK rise edge)
                                                      0.000     0.000 r  
    CONFIG_SITE_X0Y0     BSCANE2                      0.000     0.000 r  dbg_hub/inst/BSCANID.u_xsdbm_id/SWITCH_N_EXT_BSCAN.bscan_inst/SERIES7_BSCAN.bscan_inst/INTERNAL_TCK
    CONFIG_SITE_X0Y0     BSCANE2 (Prop_BSCAN1_CONFIG_SITE_INTERNAL_TCK_TCK)
                                                      4.300     4.300 r  dbg_hub/inst/BSCANID.u_xsdbm_id/SWITCH_N_EXT_BSCAN.bscan_inst/SERIES7_BSCAN.bscan_inst/TCK
                         net (fo=1, routed)           1.627     5.927    dbg_hub/inst/BSCANID.u_xsdbm_id/tck_bs
    BUFGCE_X0Y20         BUFGCE (Prop_BUFCE_BUFGCE_I_O)
                                                      0.028     5.955 r  dbg_hub/inst/BSCANID.u_xsdbm_id/SWITCH_N_EXT_BSCAN.u_bufg_icon_tck/O
    X2Y3 (CLOCK_ROOT)    net (fo=478, routed)         2.395     8.350    dbg_hub/inst/BSCANID.u_xsdbm_id/SWITCH_N_EXT_BSCAN.bscan_switch/s_bscan_tck
    SLICE_X87Y118        FDRE                                         r  dbg_hub/inst/BSCANID.u_xsdbm_id/SWITCH_N_EXT_BSCAN.bscan_switch/shiftreg_reg[21]/C
                         clock pessimism             -4.526     3.824    
    SLICE_X87Y118        FDRE (Hold_AFF_SLICEL_C_D)
                                                      0.060     3.884    dbg_hub/inst/BSCANID.u_xsdbm_id/SWITCH_N_EXT_BSCAN.bscan_switch/shiftreg_reg[21]
  -------------------------------------------------------------------
                         required time                         -3.884    
                         arrival time                           3.902    
  -------------------------------------------------------------------
                         slack                                  0.018    





Pulse Width Checks
--------------------------------------------------------------------------------------
Clock Name:         dbg_hub/inst/BSCANID.u_xsdbm_id/SWITCH_N_EXT_BSCAN.bscan_inst/SERIES7_BSCAN.bscan_inst/INTERNAL_TCK
Waveform(ns):       { 0.000 25.000 }
Period(ns):         50.000
Sources:            { dbg_hub/inst/BSCANID.u_xsdbm_id/SWITCH_N_EXT_BSCAN.bscan_inst/SERIES7_BSCAN.bscan_inst/INTERNAL_TCK }

Check Type        Corner  Lib Pin     Reference Pin  Required(ns)  Actual(ns)  Slack(ns)  Location       Pin
Min Period        n/a     BUFGCE/I    n/a            1.290         50.000      48.710     BUFGCE_X0Y20   dbg_hub/inst/BSCANID.u_xsdbm_id/SWITCH_N_EXT_BSCAN.u_bufg_icon_tck/I
Low Pulse Width   Slow    RAMD32/CLK  n/a            0.532         25.000      24.468     SLICE_X65Y324  dbg_hub/inst/BSCANID.u_xsdbm_id/CORE_XSDB.UUT_MASTER/U_ICON_INTERFACE/U_CMD6_WR/U_WR_FIFO/SUBCORE_FIFO.xsdbm_v3_0_5_wrfifo_inst/inst_fifo_gen/gconvfifo.rf/grf.rf/gntv_or_sync_fifo.mem/gdm.dm_gen.dm/RAM_reg_0_15_0_13/RAMA/CLK
High Pulse Width  Slow    RAMD32/CLK  n/a            0.532         25.000      24.468     SLICE_X65Y324  dbg_hub/inst/BSCANID.u_xsdbm_id/CORE_XSDB.UUT_MASTER/U_ICON_INTERFACE/U_CMD6_WR/U_WR_FIFO/SUBCORE_FIFO.xsdbm_v3_0_5_wrfifo_inst/inst_fifo_gen/gconvfifo.rf/grf.rf/gntv_or_sync_fifo.mem/gdm.dm_gen.dm/RAM_reg_0_15_0_13/RAMA/CLK



---------------------------------------------------------------------------------------------------
From Clock:  dbg_hub/inst/BSCANID.u_xsdbm_id/SWITCH_N_EXT_BSCAN.bscan_inst/SERIES7_BSCAN.bscan_inst/INTERNAL_TCK
  To Clock:  clk_pl_0

Setup :            0  Failing Endpoints,  Worst Slack       49.573ns,  Total Violation        0.000ns
Hold  :           NA  Failing Endpoints,  Worst Slack           NA  ,  Total Violation           NA
---------------------------------------------------------------------------------------------------


Max Delay Paths
--------------------------------------------------------------------------------------
Slack (MET) :             49.573ns  (required time - arrival time)
  Source:                 dbg_hub/inst/BSCANID.u_xsdbm_id/CORE_XSDB.UUT_MASTER/U_ICON_INTERFACE/U_CMD6_WR/U_WR_FIFO/SUBCORE_FIFO.xsdbm_v3_0_5_wrfifo_inst/inst_fifo_gen/gconvfifo.rf/grf.rf/gntv_or_sync_fifo.gcx.clkx/gnxpm_cdc.wr_pntr_gc_reg[1]/C
                            (rising edge-triggered cell FDCE clocked by dbg_hub/inst/BSCANID.u_xsdbm_id/SWITCH_N_EXT_BSCAN.bscan_inst/SERIES7_BSCAN.bscan_inst/INTERNAL_TCK  {rise@0.000ns fall@25.000ns period=50.000ns})
  Destination:            dbg_hub/inst/BSCANID.u_xsdbm_id/CORE_XSDB.UUT_MASTER/U_ICON_INTERFACE/U_CMD6_WR/U_WR_FIFO/SUBCORE_FIFO.xsdbm_v3_0_5_wrfifo_inst/inst_fifo_gen/gconvfifo.rf/grf.rf/gntv_or_sync_fifo.gcx.clkx/gnxpm_cdc.gsync_stage[1].rd_stg_inst/Q_reg_reg[1]/D
                            (rising edge-triggered cell FDCE clocked by clk_pl_0  {rise@0.000ns fall@12.500ns period=25.000ns})
  Path Group:             clk_pl_0
  Path Type:              Setup (Max at Slow Process Corner)
  Requirement:            50.000ns  (MaxDelay Path 50.000ns)
  Data Path Delay:        0.452ns  (logic 0.081ns (17.920%)  route 0.371ns (82.080%))
  Logic Levels:           0  
  Timing Exception:       MaxDelay Path 50.000ns -datapath_only

    Location             Delay type                Incr(ns)  Path(ns)    Netlist Resource(s)
  -------------------------------------------------------------------    -------------------
    SLICE_X64Y324                                     0.000     0.000 r  dbg_hub/inst/BSCANID.u_xsdbm_id/CORE_XSDB.UUT_MASTER/U_ICON_INTERFACE/U_CMD6_WR/U_WR_FIFO/SUBCORE_FIFO.xsdbm_v3_0_5_wrfifo_inst/inst_fifo_gen/gconvfifo.rf/grf.rf/gntv_or_sync_fifo.gcx.clkx/gnxpm_cdc.wr_pntr_gc_reg[1]/C
    SLICE_X64Y324        FDCE (Prop_DFF2_SLICEL_C_Q)
                                                      0.081     0.081 r  dbg_hub/inst/BSCANID.u_xsdbm_id/CORE_XSDB.UUT_MASTER/U_ICON_INTERFACE/U_CMD6_WR/U_WR_FIFO/SUBCORE_FIFO.xsdbm_v3_0_5_wrfifo_inst/inst_fifo_gen/gconvfifo.rf/grf.rf/gntv_or_sync_fifo.gcx.clkx/gnxpm_cdc.wr_pntr_gc_reg[1]/Q
                         net (fo=1, routed)           0.371     0.452    dbg_hub/inst/BSCANID.u_xsdbm_id/CORE_XSDB.UUT_MASTER/U_ICON_INTERFACE/U_CMD6_WR/U_WR_FIFO/SUBCORE_FIFO.xsdbm_v3_0_5_wrfifo_inst/inst_fifo_gen/gconvfifo.rf/grf.rf/gntv_or_sync_fifo.gcx.clkx/gnxpm_cdc.gsync_stage[1].rd_stg_inst/Q[1]
    SLICE_X64Y325        FDCE                                         r  dbg_hub/inst/BSCANID.u_xsdbm_id/CORE_XSDB.UUT_MASTER/U_ICON_INTERFACE/U_CMD6_WR/U_WR_FIFO/SUBCORE_FIFO.xsdbm_v3_0_5_wrfifo_inst/inst_fifo_gen/gconvfifo.rf/grf.rf/gntv_or_sync_fifo.gcx.clkx/gnxpm_cdc.gsync_stage[1].rd_stg_inst/Q_reg_reg[1]/D
  -------------------------------------------------------------------    -------------------

                         max delay                   50.000    50.000    
    SLICE_X64Y325        FDCE (Setup_DFF2_SLICEL_C_D)
                                                      0.025    50.025    dbg_hub/inst/BSCANID.u_xsdbm_id/CORE_XSDB.UUT_MASTER/U_ICON_INTERFACE/U_CMD6_WR/U_WR_FIFO/SUBCORE_FIFO.xsdbm_v3_0_5_wrfifo_inst/inst_fifo_gen/gconvfifo.rf/grf.rf/gntv_or_sync_fifo.gcx.clkx/gnxpm_cdc.gsync_stage[1].rd_stg_inst/Q_reg_reg[1]
  -------------------------------------------------------------------
                         required time                         50.025    
                         arrival time                          -0.452    
  -------------------------------------------------------------------
                         slack                                 49.573    





---------------------------------------------------------------------------------------------------
From Clock:  clk_pl_0
  To Clock:  dbg_hub/inst/BSCANID.u_xsdbm_id/SWITCH_N_EXT_BSCAN.bscan_inst/SERIES7_BSCAN.bscan_inst/INTERNAL_TCK

Setup :            0  Failing Endpoints,  Worst Slack       24.398ns,  Total Violation        0.000ns
Hold  :           NA  Failing Endpoints,  Worst Slack           NA  ,  Total Violation           NA
---------------------------------------------------------------------------------------------------


Max Delay Paths
--------------------------------------------------------------------------------------
Slack (MET) :             24.398ns  (required time - arrival time)
  Source:                 dbg_hub/inst/BSCANID.u_xsdbm_id/CORE_XSDB.UUT_MASTER/U_ICON_INTERFACE/U_CMD6_RD/U_RD_FIFO/SUBCORE_FIFO.xsdbm_v3_0_5_rdfifo_inst/inst_fifo_gen/gconvfifo.rf/grf.rf/gntv_or_sync_fifo.gcx.clkx/gnxpm_cdc.wr_pntr_gc_reg[1]/C
                            (rising edge-triggered cell FDCE clocked by clk_pl_0  {rise@0.000ns fall@12.500ns period=25.000ns})
  Destination:            dbg_hub/inst/BSCANID.u_xsdbm_id/CORE_XSDB.UUT_MASTER/U_ICON_INTERFACE/U_CMD6_RD/U_RD_FIFO/SUBCORE_FIFO.xsdbm_v3_0_5_rdfifo_inst/inst_fifo_gen/gconvfifo.rf/grf.rf/gntv_or_sync_fifo.gcx.clkx/gnxpm_cdc.gsync_stage[1].rd_stg_inst/Q_reg_reg[1]/D
                            (rising edge-triggered cell FDCE clocked by dbg_hub/inst/BSCANID.u_xsdbm_id/SWITCH_N_EXT_BSCAN.bscan_inst/SERIES7_BSCAN.bscan_inst/INTERNAL_TCK  {rise@0.000ns fall@25.000ns period=50.000ns})
  Path Group:             dbg_hub/inst/BSCANID.u_xsdbm_id/SWITCH_N_EXT_BSCAN.bscan_inst/SERIES7_BSCAN.bscan_inst/INTERNAL_TCK
  Path Type:              Setup (Max at Slow Process Corner)
  Requirement:            25.000ns  (MaxDelay Path 25.000ns)
  Data Path Delay:        0.627ns  (logic 0.081ns (12.919%)  route 0.546ns (87.081%))
  Logic Levels:           0  
  Timing Exception:       MaxDelay Path 25.000ns -datapath_only

    Location             Delay type                Incr(ns)  Path(ns)    Netlist Resource(s)
  -------------------------------------------------------------------    -------------------
    SLICE_X74Y324                                     0.000     0.000 r  dbg_hub/inst/BSCANID.u_xsdbm_id/CORE_XSDB.UUT_MASTER/U_ICON_INTERFACE/U_CMD6_RD/U_RD_FIFO/SUBCORE_FIFO.xsdbm_v3_0_5_rdfifo_inst/inst_fifo_gen/gconvfifo.rf/grf.rf/gntv_or_sync_fifo.gcx.clkx/gnxpm_cdc.wr_pntr_gc_reg[1]/C
    SLICE_X74Y324        FDCE (Prop_DFF2_SLICEL_C_Q)
                                                      0.081     0.081 r  dbg_hub/inst/BSCANID.u_xsdbm_id/CORE_XSDB.UUT_MASTER/U_ICON_INTERFACE/U_CMD6_RD/U_RD_FIFO/SUBCORE_FIFO.xsdbm_v3_0_5_rdfifo_inst/inst_fifo_gen/gconvfifo.rf/grf.rf/gntv_or_sync_fifo.gcx.clkx/gnxpm_cdc.wr_pntr_gc_reg[1]/Q
                         net (fo=1, routed)           0.546     0.627    dbg_hub/inst/BSCANID.u_xsdbm_id/CORE_XSDB.UUT_MASTER/U_ICON_INTERFACE/U_CMD6_RD/U_RD_FIFO/SUBCORE_FIFO.xsdbm_v3_0_5_rdfifo_inst/inst_fifo_gen/gconvfifo.rf/grf.rf/gntv_or_sync_fifo.gcx.clkx/gnxpm_cdc.gsync_stage[1].rd_stg_inst/Q[1]
    SLICE_X73Y325        FDCE                                         r  dbg_hub/inst/BSCANID.u_xsdbm_id/CORE_XSDB.UUT_MASTER/U_ICON_INTERFACE/U_CMD6_RD/U_RD_FIFO/SUBCORE_FIFO.xsdbm_v3_0_5_rdfifo_inst/inst_fifo_gen/gconvfifo.rf/grf.rf/gntv_or_sync_fifo.gcx.clkx/gnxpm_cdc.gsync_stage[1].rd_stg_inst/Q_reg_reg[1]/D
  -------------------------------------------------------------------    -------------------

                         max delay                   25.000    25.000    
    SLICE_X73Y325        FDCE (Setup_DFF2_SLICEL_C_D)
                                                      0.025    25.025    dbg_hub/inst/BSCANID.u_xsdbm_id/CORE_XSDB.UUT_MASTER/U_ICON_INTERFACE/U_CMD6_RD/U_RD_FIFO/SUBCORE_FIFO.xsdbm_v3_0_5_rdfifo_inst/inst_fifo_gen/gconvfifo.rf/grf.rf/gntv_or_sync_fifo.gcx.clkx/gnxpm_cdc.gsync_stage[1].rd_stg_inst/Q_reg_reg[1]
  -------------------------------------------------------------------
                         required time                         25.025    
                         arrival time                          -0.627    
  -------------------------------------------------------------------
                         slack                                 24.398    





---------------------------------------------------------------------------------------------------
Path Group:  **async_default**
From Clock:  clk_pl_0
  To Clock:  clk_pl_0

Setup :            0  Failing Endpoints,  Worst Slack       23.907ns,  Total Violation        0.000ns
Hold  :            0  Failing Endpoints,  Worst Slack        0.103ns,  Total Violation        0.000ns
---------------------------------------------------------------------------------------------------


Max Delay Paths
--------------------------------------------------------------------------------------
Slack (MET) :             23.907ns  (required time - arrival time)
  Source:                 dbg_hub/inst/BSCANID.u_xsdbm_id/CORE_XSDB.UUT_MASTER/U_ICON_INTERFACE/U_CMD1/ctl_reg_reg[0]/C
                            (rising edge-triggered cell FDRE clocked by clk_pl_0  {rise@0.000ns fall@12.500ns period=25.000ns})
  Destination:            dbg_hub/inst/BSCANID.u_xsdbm_id/CORE_XSDB.UUT_MASTER/U_XSDB_BUS_CONTROLLER/dec_wdc_r_reg/CLR
                            (recovery check against rising-edge clock clk_pl_0  {rise@0.000ns fall@12.500ns period=25.000ns})
  Path Group:             **async_default**
  Path Type:              Recovery (Max at Slow Process Corner)
  Requirement:            25.000ns  (clk_pl_0 rise@25.000ns - clk_pl_0 rise@0.000ns)
  Data Path Delay:        0.731ns  (logic 0.079ns (10.805%)  route 0.652ns (89.195%))
  Logic Levels:           0  
  Clock Path Skew:        -0.067ns (DCD - SCD + CPR)
    Destination Clock Delay (DCD):    1.809ns = ( 26.809 - 25.000 ) 
    Source Clock Delay      (SCD):    2.046ns
    Clock Pessimism Removal (CPR):    0.170ns
  Clock Uncertainty:      0.229ns  ((TSJ^2 + DJ^2)^1/2) / 2 + PE
    Total System Jitter     (TSJ):    0.071ns
    Discrete Jitter          (DJ):    0.453ns
    Phase Error              (PE):    0.000ns
  Clock Net Delay (Source):      1.799ns (routing 0.405ns, distribution 1.394ns)
  Clock Net Delay (Destination): 1.611ns (routing 0.364ns, distribution 1.247ns)

    Location             Delay type                Incr(ns)  Path(ns)    Netlist Resource(s)
  -------------------------------------------------------------------    -------------------
                         (clock clk_pl_0 rise edge)
                                                      0.000     0.000 r  
    PS8_X0Y0             PS8                          0.000     0.000 r  jfs_i/ps/inst/PS8_i/PLCLK[0]
                         net (fo=1, routed)           0.219     0.219    jfs_i/ps/inst/pl_clk_unbuffered[0]
    BUFG_PS_X0Y56        BUFG_PS (Prop_BUFG_PS_I_O)
                                                      0.028     0.247 r  jfs_i/ps/inst/buffer_pl_clk_0.PL_CLK_0_BUFG/O
    X1Y3 (CLOCK_ROOT)    net (fo=4713, routed)        1.799     2.046    dbg_hub/inst/BSCANID.u_xsdbm_id/CORE_XSDB.UUT_MASTER/U_ICON_INTERFACE/U_CMD1/clk
    SLICE_X71Y331        FDRE                                         r  dbg_hub/inst/BSCANID.u_xsdbm_id/CORE_XSDB.UUT_MASTER/U_ICON_INTERFACE/U_CMD1/ctl_reg_reg[0]/C
  -------------------------------------------------------------------    -------------------
    SLICE_X71Y331        FDRE (Prop_HFF_SLICEM_C_Q)
                                                      0.079     2.125 f  dbg_hub/inst/BSCANID.u_xsdbm_id/CORE_XSDB.UUT_MASTER/U_ICON_INTERFACE/U_CMD1/ctl_reg_reg[0]/Q
                         net (fo=176, routed)         0.652     2.777    dbg_hub/inst/BSCANID.u_xsdbm_id/CORE_XSDB.UUT_MASTER/U_XSDB_BUS_CONTROLLER/out[0]
    SLICE_X68Y329        FDCE                                         f  dbg_hub/inst/BSCANID.u_xsdbm_id/CORE_XSDB.UUT_MASTER/U_XSDB_BUS_CONTROLLER/dec_wdc_r_reg/CLR
  -------------------------------------------------------------------    -------------------

                         (clock clk_pl_0 rise edge)
                                                     25.000    25.000 r  
    PS8_X0Y0             PS8                          0.000    25.000 r  jfs_i/ps/inst/PS8_i/PLCLK[0]
                         net (fo=1, routed)           0.173    25.173    jfs_i/ps/inst/pl_clk_unbuffered[0]
    BUFG_PS_X0Y56        BUFG_PS (Prop_BUFG_PS_I_O)
                                                      0.025    25.198 r  jfs_i/ps/inst/buffer_pl_clk_0.PL_CLK_0_BUFG/O
    X1Y3 (CLOCK_ROOT)    net (fo=4713, routed)        1.611    26.809    dbg_hub/inst/BSCANID.u_xsdbm_id/CORE_XSDB.UUT_MASTER/U_XSDB_BUS_CONTROLLER/clk
    SLICE_X68Y329        FDCE                                         r  dbg_hub/inst/BSCANID.u_xsdbm_id/CORE_XSDB.UUT_MASTER/U_XSDB_BUS_CONTROLLER/dec_wdc_r_reg/C
                         clock pessimism              0.170    26.979    
                         clock uncertainty           -0.229    26.750    
    SLICE_X68Y329        FDCE (Recov_HFF_SLICEL_C_CLR)
                                                     -0.066    26.684    dbg_hub/inst/BSCANID.u_xsdbm_id/CORE_XSDB.UUT_MASTER/U_XSDB_BUS_CONTROLLER/dec_wdc_r_reg
  -------------------------------------------------------------------
                         required time                         26.684    
                         arrival time                          -2.777    
  -------------------------------------------------------------------
                         slack                                 23.907    





Min Delay Paths
--------------------------------------------------------------------------------------
Slack (MET) :             0.103ns  (arrival time - required time)
  Source:                 dbg_hub/inst/BSCANID.u_xsdbm_id/CORE_XSDB.UUT_MASTER/U_ICON_INTERFACE/rddata_rst_reg/C
                            (rising edge-triggered cell FDRE clocked by clk_pl_0  {rise@0.000ns fall@12.500ns period=25.000ns})
  Destination:            dbg_hub/inst/BSCANID.u_xsdbm_id/CORE_XSDB.UUT_MASTER/U_ICON_INTERFACE/U_CMD6_RD/U_RD_FIFO/SUBCORE_FIFO.xsdbm_v3_0_5_rdfifo_inst/inst_fifo_gen/gconvfifo.rf/grf.rf/rstblk/ngwrdrst.grst.g7serrst.rst_wr_reg1_reg/PRE
                            (removal check against rising-edge clock clk_pl_0  {rise@0.000ns fall@12.500ns period=25.000ns})
  Path Group:             **async_default**
  Path Type:              Removal (Min at Fast Process Corner)
  Requirement:            0.000ns  (clk_pl_0 rise@0.000ns - clk_pl_0 rise@0.000ns)
  Data Path Delay:        0.132ns  (logic 0.039ns (29.555%)  route 0.093ns (70.445%))
  Logic Levels:           0  
  Clock Path Skew:        0.049ns (DCD - SCD - CPR)
    Destination Clock Delay (DCD):    1.346ns
    Source Clock Delay      (SCD):    1.174ns
    Clock Pessimism Removal (CPR):    0.124ns
  Clock Net Delay (Source):      1.002ns (routing 0.221ns, distribution 0.781ns)
  Clock Net Delay (Destination): 1.132ns (routing 0.250ns, distribution 0.882ns)

    Location             Delay type                Incr(ns)  Path(ns)    Netlist Resource(s)
  -------------------------------------------------------------------    -------------------
                         (clock clk_pl_0 rise edge)
                                                      0.000     0.000 r  
    PS8_X0Y0             PS8                          0.000     0.000 r  jfs_i/ps/inst/PS8_i/PLCLK[0]
                         net (fo=1, routed)           0.155     0.155    jfs_i/ps/inst/pl_clk_unbuffered[0]
    BUFG_PS_X0Y56        BUFG_PS (Prop_BUFG_PS_I_O)
                                                      0.017     0.172 r  jfs_i/ps/inst/buffer_pl_clk_0.PL_CLK_0_BUFG/O
    X1Y3 (CLOCK_ROOT)    net (fo=4713, routed)        1.002     1.174    dbg_hub/inst/BSCANID.u_xsdbm_id/CORE_XSDB.UUT_MASTER/U_ICON_INTERFACE/clk
    SLICE_X72Y328        FDRE                                         r  dbg_hub/inst/BSCANID.u_xsdbm_id/CORE_XSDB.UUT_MASTER/U_ICON_INTERFACE/rddata_rst_reg/C
  -------------------------------------------------------------------    -------------------
    SLICE_X72Y328        FDRE (Prop_DFF_SLICEL_C_Q)
                                                      0.039     1.213 f  dbg_hub/inst/BSCANID.u_xsdbm_id/CORE_XSDB.UUT_MASTER/U_ICON_INTERFACE/rddata_rst_reg/Q
                         net (fo=20, routed)          0.093     1.306    dbg_hub/inst/BSCANID.u_xsdbm_id/CORE_XSDB.UUT_MASTER/U_ICON_INTERFACE/U_CMD6_RD/U_RD_FIFO/SUBCORE_FIFO.xsdbm_v3_0_5_rdfifo_inst/inst_fifo_gen/gconvfifo.rf/grf.rf/rstblk/rst
    SLICE_X73Y328        FDPE                                         f  dbg_hub/inst/BSCANID.u_xsdbm_id/CORE_XSDB.UUT_MASTER/U_ICON_INTERFACE/U_CMD6_RD/U_RD_FIFO/SUBCORE_FIFO.xsdbm_v3_0_5_rdfifo_inst/inst_fifo_gen/gconvfifo.rf/grf.rf/rstblk/ngwrdrst.grst.g7serrst.rst_wr_reg1_reg/PRE
  -------------------------------------------------------------------    -------------------

                         (clock clk_pl_0 rise edge)
                                                      0.000     0.000 r  
    PS8_X0Y0             PS8                          0.000     0.000 r  jfs_i/ps/inst/PS8_i/PLCLK[0]
                         net (fo=1, routed)           0.196     0.196    jfs_i/ps/inst/pl_clk_unbuffered[0]
    BUFG_PS_X0Y56        BUFG_PS (Prop_BUFG_PS_I_O)
                                                      0.018     0.214 r  jfs_i/ps/inst/buffer_pl_clk_0.PL_CLK_0_BUFG/O
    X1Y3 (CLOCK_ROOT)    net (fo=4713, routed)        1.132     1.346    dbg_hub/inst/BSCANID.u_xsdbm_id/CORE_XSDB.UUT_MASTER/U_ICON_INTERFACE/U_CMD6_RD/U_RD_FIFO/SUBCORE_FIFO.xsdbm_v3_0_5_rdfifo_inst/inst_fifo_gen/gconvfifo.rf/grf.rf/rstblk/wr_clk
    SLICE_X73Y328        FDPE                                         r  dbg_hub/inst/BSCANID.u_xsdbm_id/CORE_XSDB.UUT_MASTER/U_ICON_INTERFACE/U_CMD6_RD/U_RD_FIFO/SUBCORE_FIFO.xsdbm_v3_0_5_rdfifo_inst/inst_fifo_gen/gconvfifo.rf/grf.rf/rstblk/ngwrdrst.grst.g7serrst.rst_wr_reg1_reg/C
                         clock pessimism             -0.124     1.223    
    SLICE_X73Y328        FDPE (Remov_HFF2_SLICEL_C_PRE)
                                                     -0.020     1.203    dbg_hub/inst/BSCANID.u_xsdbm_id/CORE_XSDB.UUT_MASTER/U_ICON_INTERFACE/U_CMD6_RD/U_RD_FIFO/SUBCORE_FIFO.xsdbm_v3_0_5_rdfifo_inst/inst_fifo_gen/gconvfifo.rf/grf.rf/rstblk/ngwrdrst.grst.g7serrst.rst_wr_reg1_reg
  -------------------------------------------------------------------
                         required time                         -1.203    
                         arrival time                           1.306    
  -------------------------------------------------------------------
                         slack                                  0.103    





---------------------------------------------------------------------------------------------------
Path Group:  **async_default**
From Clock:  dbg_hub/inst/BSCANID.u_xsdbm_id/SWITCH_N_EXT_BSCAN.bscan_inst/SERIES7_BSCAN.bscan_inst/INTERNAL_TCK
  To Clock:  dbg_hub/inst/BSCANID.u_xsdbm_id/SWITCH_N_EXT_BSCAN.bscan_inst/SERIES7_BSCAN.bscan_inst/INTERNAL_TCK

Setup :            0  Failing Endpoints,  Worst Slack       46.817ns,  Total Violation        0.000ns
Hold  :            0  Failing Endpoints,  Worst Slack        0.099ns,  Total Violation        0.000ns
---------------------------------------------------------------------------------------------------


Max Delay Paths
--------------------------------------------------------------------------------------
Slack (MET) :             46.817ns  (required time - arrival time)
  Source:                 dbg_hub/inst/BSCANID.u_xsdbm_id/SWITCH_N_EXT_BSCAN.bscan_switch/portno_reg[0]/C
                            (rising edge-triggered cell FDRE clocked by dbg_hub/inst/BSCANID.u_xsdbm_id/SWITCH_N_EXT_BSCAN.bscan_inst/SERIES7_BSCAN.bscan_inst/INTERNAL_TCK  {rise@0.000ns fall@25.000ns period=50.000ns})
  Destination:            dbg_hub/inst/BSCANID.u_xsdbm_id/CORE_XSDB.U_ICON/U_CMD/iTARGET_reg[6]/CLR
                            (recovery check against rising-edge clock dbg_hub/inst/BSCANID.u_xsdbm_id/SWITCH_N_EXT_BSCAN.bscan_inst/SERIES7_BSCAN.bscan_inst/INTERNAL_TCK  {rise@0.000ns fall@25.000ns period=50.000ns})
  Path Group:             **async_default**
  Path Type:              Recovery (Max at Slow Process Corner)
  Requirement:            50.000ns  (dbg_hub/inst/BSCANID.u_xsdbm_id/SWITCH_N_EXT_BSCAN.bscan_inst/SERIES7_BSCAN.bscan_inst/INTERNAL_TCK rise@50.000ns - dbg_hub/inst/BSCANID.u_xsdbm_id/SWITCH_N_EXT_BSCAN.bscan_inst/SERIES7_BSCAN.bscan_inst/INTERNAL_TCK rise@0.000ns)
  Data Path Delay:        2.845ns  (logic 0.362ns (12.725%)  route 2.483ns (87.275%))
  Logic Levels:           2  (LUT4=1 LUT6=1)
  Clock Path Skew:        -0.237ns (DCD - SCD + CPR)
    Destination Clock Delay (DCD):    3.651ns = ( 53.651 - 50.000 ) 
    Source Clock Delay      (SCD):    8.339ns
    Clock Pessimism Removal (CPR):    4.451ns
  Clock Uncertainty:      0.035ns  ((TSJ^2 + TIJ^2)^1/2 + DJ) / 2 + PE
    Total System Jitter     (TSJ):    0.071ns
    Total Input Jitter      (TIJ):    0.000ns
    Discrete Jitter          (DJ):    0.000ns
    Phase Error              (PE):    0.000ns
  Clock Net Delay (Source):      2.384ns (routing 1.075ns, distribution 1.309ns)
  Clock Net Delay (Destination): 2.049ns (routing 0.977ns, distribution 1.072ns)

    Location             Delay type                Incr(ns)  Path(ns)    Netlist Resource(s)
  -------------------------------------------------------------------    -------------------
                         (clock dbg_hub/inst/BSCANID.u_xsdbm_id/SWITCH_N_EXT_BSCAN.bscan_inst/SERIES7_BSCAN.bscan_inst/INTERNAL_TCK rise edge)
                                                      0.000     0.000 r  
    CONFIG_SITE_X0Y0     BSCANE2                      0.000     0.000 r  dbg_hub/inst/BSCANID.u_xsdbm_id/SWITCH_N_EXT_BSCAN.bscan_inst/SERIES7_BSCAN.bscan_inst/INTERNAL_TCK
    CONFIG_SITE_X0Y0     BSCANE2 (Prop_BSCAN1_CONFIG_SITE_INTERNAL_TCK_TCK)
                                                      4.300     4.300 r  dbg_hub/inst/BSCANID.u_xsdbm_id/SWITCH_N_EXT_BSCAN.bscan_inst/SERIES7_BSCAN.bscan_inst/TCK
                         net (fo=1, routed)           1.627     5.927    dbg_hub/inst/BSCANID.u_xsdbm_id/tck_bs
    BUFGCE_X0Y20         BUFGCE (Prop_BUFCE_BUFGCE_I_O)
                                                      0.028     5.955 r  dbg_hub/inst/BSCANID.u_xsdbm_id/SWITCH_N_EXT_BSCAN.u_bufg_icon_tck/O
    X2Y3 (CLOCK_ROOT)    net (fo=478, routed)         2.384     8.339    dbg_hub/inst/BSCANID.u_xsdbm_id/SWITCH_N_EXT_BSCAN.bscan_switch/s_bscan_tck
    SLICE_X86Y115        FDRE                                         r  dbg_hub/inst/BSCANID.u_xsdbm_id/SWITCH_N_EXT_BSCAN.bscan_switch/portno_reg[0]/C
  -------------------------------------------------------------------    -------------------
    SLICE_X86Y115        FDRE (Prop_EFF_SLICEL_C_Q)
                                                      0.079     8.418 f  dbg_hub/inst/BSCANID.u_xsdbm_id/SWITCH_N_EXT_BSCAN.bscan_switch/portno_reg[0]/Q
                         net (fo=1, routed)           0.204     8.622    dbg_hub/inst/BSCANID.u_xsdbm_id/SWITCH_N_EXT_BSCAN.bscan_switch/portno[0]
    SLICE_X86Y115        LUT6 (Prop_H6LUT_SLICEL_I2_O)
                                                      0.150     8.772 f  dbg_hub/inst/BSCANID.u_xsdbm_id/SWITCH_N_EXT_BSCAN.bscan_switch/m_bscan_drck[0]_INST_0_i_1/O
                         net (fo=5, routed)           0.150     8.922    dbg_hub/inst/BSCANID.u_xsdbm_id/SWITCH_N_EXT_BSCAN.bscan_switch/m_bscan_drck[0]_INST_0_i_1_n_0
    SLICE_X85Y117        LUT4 (Prop_H5LUT_SLICEL_I3_O)
                                                      0.133     9.055 r  dbg_hub/inst/BSCANID.u_xsdbm_id/SWITCH_N_EXT_BSCAN.bscan_switch/m_bscan_sel[0]_INST_0/O
                         net (fo=11, routed)          2.128    11.184    dbg_hub/inst/BSCANID.u_xsdbm_id/CORE_XSDB.U_ICON/U_CMD/iTARGET_reg[6]_0
    SLICE_X74Y330        FDCE                                         f  dbg_hub/inst/BSCANID.u_xsdbm_id/CORE_XSDB.U_ICON/U_CMD/iTARGET_reg[6]/CLR  (IS_INVERTED)
  -------------------------------------------------------------------    -------------------

                         (clock dbg_hub/inst/BSCANID.u_xsdbm_id/SWITCH_N_EXT_BSCAN.bscan_inst/SERIES7_BSCAN.bscan_inst/INTERNAL_TCK rise edge)
                                                     50.000    50.000 r  
    CONFIG_SITE_X0Y0     BSCANE2                      0.000    50.000 r  dbg_hub/inst/BSCANID.u_xsdbm_id/SWITCH_N_EXT_BSCAN.bscan_inst/SERIES7_BSCAN.bscan_inst/INTERNAL_TCK
    CONFIG_SITE_X0Y0     BSCANE2 (Prop_BSCAN1_CONFIG_SITE_INTERNAL_TCK_TCK)
                                                      0.465    50.465 r  dbg_hub/inst/BSCANID.u_xsdbm_id/SWITCH_N_EXT_BSCAN.bscan_inst/SERIES7_BSCAN.bscan_inst/TCK
                         net (fo=1, routed)           1.113    51.578    dbg_hub/inst/BSCANID.u_xsdbm_id/tck_bs
    BUFGCE_X0Y20         BUFGCE (Prop_BUFCE_BUFGCE_I_O)
                                                      0.024    51.602 r  dbg_hub/inst/BSCANID.u_xsdbm_id/SWITCH_N_EXT_BSCAN.u_bufg_icon_tck/O
    X2Y3 (CLOCK_ROOT)    net (fo=478, routed)         2.049    53.651    dbg_hub/inst/BSCANID.u_xsdbm_id/CORE_XSDB.U_ICON/U_CMD/m_bscan_tck[0]
    SLICE_X74Y330        FDCE                                         r  dbg_hub/inst/BSCANID.u_xsdbm_id/CORE_XSDB.U_ICON/U_CMD/iTARGET_reg[6]/C
                         clock pessimism              4.451    58.102    
                         clock uncertainty           -0.035    58.067    
    SLICE_X74Y330        FDCE (Recov_EFF_SLICEL_C_CLR)
                                                     -0.066    58.001    dbg_hub/inst/BSCANID.u_xsdbm_id/CORE_XSDB.U_ICON/U_CMD/iTARGET_reg[6]
  -------------------------------------------------------------------
                         required time                         58.001    
                         arrival time                         -11.184    
  -------------------------------------------------------------------
                         slack                                 46.817    





Min Delay Paths
--------------------------------------------------------------------------------------
Slack (MET) :             0.099ns  (arrival time - required time)
  Source:                 dbg_hub/inst/BSCANID.u_xsdbm_id/CORE_XSDB.UUT_MASTER/U_ICON_INTERFACE/U_CMD6_RD/U_RD_FIFO/SUBCORE_FIFO.xsdbm_v3_0_5_rdfifo_inst/inst_fifo_gen/gconvfifo.rf/grf.rf/rstblk/ngwrdrst.grst.g7serrst.rst_rd_reg2_reg/C
                            (rising edge-triggered cell FDPE clocked by dbg_hub/inst/BSCANID.u_xsdbm_id/SWITCH_N_EXT_BSCAN.bscan_inst/SERIES7_BSCAN.bscan_inst/INTERNAL_TCK  {rise@0.000ns fall@25.000ns period=50.000ns})
  Destination:            dbg_hub/inst/BSCANID.u_xsdbm_id/CORE_XSDB.UUT_MASTER/U_ICON_INTERFACE/U_CMD6_RD/U_RD_FIFO/SUBCORE_FIFO.xsdbm_v3_0_5_rdfifo_inst/inst_fifo_gen/gconvfifo.rf/grf.rf/rstblk/ngwrdrst.grst.g7serrst.rd_rst_asreg_reg/PRE
                            (removal check against rising-edge clock dbg_hub/inst/BSCANID.u_xsdbm_id/SWITCH_N_EXT_BSCAN.bscan_inst/SERIES7_BSCAN.bscan_inst/INTERNAL_TCK  {rise@0.000ns fall@25.000ns period=50.000ns})
  Path Group:             **async_default**
  Path Type:              Removal (Min at Fast Process Corner)
  Requirement:            0.000ns  (dbg_hub/inst/BSCANID.u_xsdbm_id/SWITCH_N_EXT_BSCAN.bscan_inst/SERIES7_BSCAN.bscan_inst/INTERNAL_TCK rise@0.000ns - dbg_hub/inst/BSCANID.u_xsdbm_id/SWITCH_N_EXT_BSCAN.bscan_inst/SERIES7_BSCAN.bscan_inst/INTERNAL_TCK rise@0.000ns)
  Data Path Delay:        0.130ns  (logic 0.040ns (30.769%)  route 0.090ns (69.231%))
  Logic Levels:           0  
  Clock Path Skew:        0.051ns (DCD - SCD - CPR)
    Destination Clock Delay (DCD):    6.878ns
    Source Clock Delay      (SCD):    2.605ns
    Clock Pessimism Removal (CPR):    4.222ns
  Clock Net Delay (Source):      1.262ns (routing 0.590ns, distribution 0.672ns)
  Clock Net Delay (Destination): 1.429ns (routing 0.659ns, distribution 0.770ns)

    Location             Delay type                Incr(ns)  Path(ns)    Netlist Resource(s)
  -------------------------------------------------------------------    -------------------
                         (clock dbg_hub/inst/BSCANID.u_xsdbm_id/SWITCH_N_EXT_BSCAN.bscan_inst/SERIES7_BSCAN.bscan_inst/INTERNAL_TCK rise edge)
                                                      0.000     0.000 r  
    CONFIG_SITE_X0Y0     BSCANE2                      0.000     0.000 r  dbg_hub/inst/BSCANID.u_xsdbm_id/SWITCH_N_EXT_BSCAN.bscan_inst/SERIES7_BSCAN.bscan_inst/INTERNAL_TCK
    CONFIG_SITE_X0Y0     BSCANE2 (Prop_BSCAN1_CONFIG_SITE_INTERNAL_TCK_TCK)
                                                      0.465     0.465 r  dbg_hub/inst/BSCANID.u_xsdbm_id/SWITCH_N_EXT_BSCAN.bscan_inst/SERIES7_BSCAN.bscan_inst/TCK
                         net (fo=1, routed)           0.861     1.326    dbg_hub/inst/BSCANID.u_xsdbm_id/tck_bs
    BUFGCE_X0Y20         BUFGCE (Prop_BUFCE_BUFGCE_I_O)
                                                      0.017     1.343 r  dbg_hub/inst/BSCANID.u_xsdbm_id/SWITCH_N_EXT_BSCAN.u_bufg_icon_tck/O
    X2Y3 (CLOCK_ROOT)    net (fo=478, routed)         1.262     2.605    dbg_hub/inst/BSCANID.u_xsdbm_id/CORE_XSDB.UUT_MASTER/U_ICON_INTERFACE/U_CMD6_RD/U_RD_FIFO/SUBCORE_FIFO.xsdbm_v3_0_5_rdfifo_inst/inst_fifo_gen/gconvfifo.rf/grf.rf/rstblk/rd_clk
    SLICE_X73Y326        FDPE                                         r  dbg_hub/inst/BSCANID.u_xsdbm_id/CORE_XSDB.UUT_MASTER/U_ICON_INTERFACE/U_CMD6_RD/U_RD_FIFO/SUBCORE_FIFO.xsdbm_v3_0_5_rdfifo_inst/inst_fifo_gen/gconvfifo.rf/grf.rf/rstblk/ngwrdrst.grst.g7serrst.rst_rd_reg2_reg/C
  -------------------------------------------------------------------    -------------------
    SLICE_X73Y326        FDPE (Prop_AFF2_SLICEL_C_Q)
                                                      0.040     2.645 f  dbg_hub/inst/BSCANID.u_xsdbm_id/CORE_XSDB.UUT_MASTER/U_ICON_INTERFACE/U_CMD6_RD/U_RD_FIFO/SUBCORE_FIFO.xsdbm_v3_0_5_rdfifo_inst/inst_fifo_gen/gconvfifo.rf/grf.rf/rstblk/ngwrdrst.grst.g7serrst.rst_rd_reg2_reg/Q
                         net (fo=1, routed)           0.090     2.735    dbg_hub/inst/BSCANID.u_xsdbm_id/CORE_XSDB.UUT_MASTER/U_ICON_INTERFACE/U_CMD6_RD/U_RD_FIFO/SUBCORE_FIFO.xsdbm_v3_0_5_rdfifo_inst/inst_fifo_gen/gconvfifo.rf/grf.rf/rstblk/ngwrdrst.grst.rst_rd_reg2
    SLICE_X72Y326        FDPE                                         f  dbg_hub/inst/BSCANID.u_xsdbm_id/CORE_XSDB.UUT_MASTER/U_ICON_INTERFACE/U_CMD6_RD/U_RD_FIFO/SUBCORE_FIFO.xsdbm_v3_0_5_rdfifo_inst/inst_fifo_gen/gconvfifo.rf/grf.rf/rstblk/ngwrdrst.grst.g7serrst.rd_rst_asreg_reg/PRE
  -------------------------------------------------------------------    -------------------

                         (clock dbg_hub/inst/BSCANID.u_xsdbm_id/SWITCH_N_EXT_BSCAN.bscan_inst/SERIES7_BSCAN.bscan_inst/INTERNAL_TCK rise edge)
                                                      0.000     0.000 r  
    CONFIG_SITE_X0Y0     BSCANE2                      0.000     0.000 r  dbg_hub/inst/BSCANID.u_xsdbm_id/SWITCH_N_EXT_BSCAN.bscan_inst/SERIES7_BSCAN.bscan_inst/INTERNAL_TCK
    CONFIG_SITE_X0Y0     BSCANE2 (Prop_BSCAN1_CONFIG_SITE_INTERNAL_TCK_TCK)
                                                      4.300     4.300 r  dbg_hub/inst/BSCANID.u_xsdbm_id/SWITCH_N_EXT_BSCAN.bscan_inst/SERIES7_BSCAN.bscan_inst/TCK
                         net (fo=1, routed)           1.130     5.430    dbg_hub/inst/BSCANID.u_xsdbm_id/tck_bs
    BUFGCE_X0Y20         BUFGCE (Prop_BUFCE_BUFGCE_I_O)
                                                      0.019     5.449 r  dbg_hub/inst/BSCANID.u_xsdbm_id/SWITCH_N_EXT_BSCAN.u_bufg_icon_tck/O
    X2Y3 (CLOCK_ROOT)    net (fo=478, routed)         1.429     6.878    dbg_hub/inst/BSCANID.u_xsdbm_id/CORE_XSDB.UUT_MASTER/U_ICON_INTERFACE/U_CMD6_RD/U_RD_FIFO/SUBCORE_FIFO.xsdbm_v3_0_5_rdfifo_inst/inst_fifo_gen/gconvfifo.rf/grf.rf/rstblk/rd_clk
    SLICE_X72Y326        FDPE                                         r  dbg_hub/inst/BSCANID.u_xsdbm_id/CORE_XSDB.UUT_MASTER/U_ICON_INTERFACE/U_CMD6_RD/U_RD_FIFO/SUBCORE_FIFO.xsdbm_v3_0_5_rdfifo_inst/inst_fifo_gen/gconvfifo.rf/grf.rf/rstblk/ngwrdrst.grst.g7serrst.rd_rst_asreg_reg/C
                         clock pessimism             -4.222     2.656    
    SLICE_X72Y326        FDPE (Remov_DFF2_SLICEL_C_PRE)
                                                     -0.020     2.636    dbg_hub/inst/BSCANID.u_xsdbm_id/CORE_XSDB.UUT_MASTER/U_ICON_INTERFACE/U_CMD6_RD/U_RD_FIFO/SUBCORE_FIFO.xsdbm_v3_0_5_rdfifo_inst/inst_fifo_gen/gconvfifo.rf/grf.rf/rstblk/ngwrdrst.grst.g7serrst.rd_rst_asreg_reg
  -------------------------------------------------------------------
                         required time                         -2.636    
                         arrival time                           2.735    
  -------------------------------------------------------------------
                         slack                                  0.099    





