Copyright 1986-2022 Xilinx, Inc. All Rights Reserved. Copyright 2022-2025 Advanced Micro Devices, Inc. All Rights Reserved.
---------------------------------------------------------------------------------------------------------------------------------------------
| Tool Version : Vivado v.2025.2 (win64) Build 6299465 Fri Nov 14 19:35:11 GMT 2025
| Date         : Fri Jun 12 17:16:51 2026
| Host         : robot running 64-bit major release  (build 9200)
| Command      : report_utilization -file G:/UESTC/feitengspan1/vivado/jfs/reports/jtag_full_span_utilization_impl.rpt
| Design       : jfs_wrapper
| Device       : xczu19eg-ffvc1760-2-i
| Speed File   : -2
| Design State : Routed
---------------------------------------------------------------------------------------------------------------------------------------------

Utilization Design Information

Table of Contents
-----------------
1. CLB Logic
1.1 Summary of Registers by Type
2. CLB Logic Distribution
3. BLOCKRAM
4. ARITHMETIC
5. I/O
6. CLOCK
7. ADVANCED
8. CONFIGURATION
9. Primitives
10. Black Boxes
11. Instantiated Netlists

1. CLB Logic
------------

+----------------------------+------+-------+------------+-----------+-------+
|          Site Type         | Used | Fixed | Prohibited | Available | Util% |
+----------------------------+------+-------+------------+-----------+-------+
| CLB LUTs                   | 7749 |     0 |          0 |    522720 |  1.48 |
|   LUT as Logic             | 7068 |     0 |          0 |    522720 |  1.35 |
|   LUT as Memory            |  681 |     0 |          0 |    161280 |  0.42 |
|     LUT as Distributed RAM |  628 |     0 |            |           |       |
|     LUT as Shift Register  |   53 |     0 |            |           |       |
| CLB Registers              | 4015 |     0 |          0 |   1045440 |  0.38 |
|   Register as Flip Flop    | 4015 |     0 |          0 |   1045440 |  0.38 |
|   Register as Latch        |    0 |     0 |          0 |   1045440 |  0.00 |
| CARRY8                     |  552 |     0 |          0 |     65340 |  0.84 |
| F7 Muxes                   |  185 |     0 |          0 |    261360 |  0.07 |
| F8 Muxes                   |   70 |     0 |          0 |    130680 |  0.05 |
| F9 Muxes                   |    0 |     0 |          0 |     65340 |  0.00 |
| Unique Control Sets        |  222 |       |          0 |    130680 |  0.17 |
+----------------------------+------+-------+------------+-----------+-------+
* Warning! LUT value is adjusted to account for LUT combining.
** Note: Available Control Sets calculated as Slices * 2, Review the Control Sets Report for more information regarding control sets.


1.1 Summary of Registers by Type
--------------------------------

+-------+--------------+-------------+--------------+
| Total | Clock Enable | Synchronous | Asynchronous |
+-------+--------------+-------------+--------------+
| 0     |            _ |           - |            - |
| 0     |            _ |           - |          Set |
| 0     |            _ |           - |        Reset |
| 0     |            _ |         Set |            - |
| 0     |            _ |       Reset |            - |
| 0     |          Yes |           - |            - |
| 41    |          Yes |           - |          Set |
| 184   |          Yes |           - |        Reset |
| 41    |          Yes |         Set |            - |
| 3749  |          Yes |       Reset |            - |
+-------+--------------+-------------+--------------+


2. CLB Logic Distribution
-------------------------

+--------------------------------------------+------+-------+------------+-----------+-------+
|                  Site Type                 | Used | Fixed | Prohibited | Available | Util% |
+--------------------------------------------+------+-------+------------+-----------+-------+
| CLB                                        | 1583 |     0 |          0 |     65340 |  2.42 |
|   CLBL                                     | 1214 |     0 |            |           |       |
|   CLBM                                     |  369 |     0 |            |           |       |
| LUT as Logic                               | 7068 |     0 |          0 |    522720 |  1.35 |
|   using O5 output only                     |  100 |       |            |           |       |
|   using O6 output only                     | 5339 |       |            |           |       |
|   using O5 and O6                          | 1629 |       |            |           |       |
| LUT as Memory                              |  681 |     0 |          0 |    161280 |  0.42 |
|   LUT as Distributed RAM                   |  628 |     0 |            |           |       |
|     using O5 output only                   |    0 |       |            |           |       |
|     using O6 output only                   |  608 |       |            |           |       |
|     using O5 and O6                        |   20 |       |            |           |       |
|   LUT as Shift Register                    |   53 |     0 |            |           |       |
|     using O5 output only                   |    0 |       |            |           |       |
|     using O6 output only                   |   53 |       |            |           |       |
|     using O5 and O6                        |    0 |       |            |           |       |
| CLB Registers                              | 4015 |     0 |          0 |   1045440 |  0.38 |
|   Register driven from within the CLB      | 1430 |       |            |           |       |
|   Register driven from outside the CLB     | 2585 |       |            |           |       |
|     LUT in front of the register is unused | 1994 |       |            |           |       |
|     LUT in front of the register is used   |  591 |       |            |           |       |
+--------------------------------------------+------+-------+------------+-----------+-------+


3. BLOCKRAM
-----------

+-------------------+------+-------+------------+-----------+-------+
|     Site Type     | Used | Fixed | Prohibited | Available | Util% |
+-------------------+------+-------+------------+-----------+-------+
| Block RAM Tile    |  307 |     0 |          0 |       984 | 31.20 |
|   RAMB36/FIFO*    |  306 |     0 |          0 |       984 | 31.10 |
|     RAMB36E2 only |  306 |       |            |           |       |
|   RAMB18          |    2 |     0 |          0 |      1968 |  0.10 |
|     RAMB18E2 only |    2 |       |            |           |       |
| URAM              |    0 |     0 |          0 |       128 |  0.00 |
+-------------------+------+-------+------------+-----------+-------+
* Note: Each Block RAM Tile only has one FIFO logic available and therefore can accommodate only one FIFO36E2 or one FIFO18E2. However, if a FIFO18E2 occupies a Block RAM Tile, that tile can still accommodate a RAMB18E2


4. ARITHMETIC
-------------

+----------------+------+-------+------------+-----------+-------+
|    Site Type   | Used | Fixed | Prohibited | Available | Util% |
+----------------+------+-------+------------+-----------+-------+
| DSPs           |    4 |     0 |          0 |      1968 |  0.20 |
|   DSP48E2 only |    4 |       |            |           |       |
+----------------+------+-------+------------+-----------+-------+


5. I/O
------

+------------------+------+-------+------------+-----------+-------+
|     Site Type    | Used | Fixed | Prohibited | Available | Util% |
+------------------+------+-------+------------+-----------+-------+
| Bonded IOB       |    0 |     0 |          0 |       512 |  0.00 |
|   HPIOB_M        |    0 |     0 |          0 |       192 |  0.00 |
|   HPIOB_S        |    0 |     0 |          0 |       192 |  0.00 |
|   HDIOB_M        |    0 |     0 |          0 |        48 |  0.00 |
|   HDIOB_S        |    0 |     0 |          0 |        48 |  0.00 |
|   HPIOB_SNGL     |    0 |     0 |          0 |        32 |  0.00 |
| HPIOBDIFFINBUF   |    0 |     0 |          0 |       264 |  0.00 |
| HPIOBDIFFOUTBUF  |    0 |     0 |          0 |       264 |  0.00 |
| HDIOBDIFFINBUF   |    0 |     0 |          0 |        48 |  0.00 |
| BITSLICE_CONTROL |    0 |     0 |          0 |        88 |  0.00 |
| BITSLICE_RX_TX   |    0 |     0 |          0 |      3432 |  0.00 |
| BITSLICE_TX      |    0 |     0 |          0 |        88 |  0.00 |
| RIU_OR           |    0 |     0 |          0 |        44 |  0.00 |
+------------------+------+-------+------------+-----------+-------+


6. CLOCK
--------

+------------+------+-------+------------+-----------+-------+
|  Site Type | Used | Fixed | Prohibited | Available | Util% |
+------------+------+-------+------------+-----------+-------+
| BUFGCE     |    1 |     0 |          0 |       280 |  0.36 |
| BUFGCE_DIV |    0 |     0 |          0 |        44 |  0.00 |
| BUFG_GT    |    0 |     0 |          0 |       456 |  0.00 |
| BUFG_PS    |    1 |     0 |          0 |        72 |  1.39 |
| BUFGCTRL*  |    0 |     0 |          0 |        88 |  0.00 |
| PLL        |    0 |     0 |          0 |        22 |  0.00 |
| MMCM       |    0 |     0 |          0 |        11 |  0.00 |
+------------+------+-------+------------+-----------+-------+
* Note: Each used BUFGCTRL counts as two GLOBAL CLOCK BUFFERs. This table does not include global clocking resources, only buffer cell usage. See the Clock Utilization Report (report_clock_utilization) for detailed accounting of global clocking resource availability.


7. ADVANCED
-----------

+-----------------+------+-------+------------+-----------+--------+
|    Site Type    | Used | Fixed | Prohibited | Available |  Util% |
+-----------------+------+-------+------------+-----------+--------+
| CMACE4          |    0 |     0 |          0 |         4 |   0.00 |
| GTHE4_CHANNEL   |    0 |     0 |          0 |        32 |   0.00 |
| GTHE4_COMMON    |    0 |     0 |          0 |         8 |   0.00 |
| GTYE4_CHANNEL   |    0 |     0 |          0 |        16 |   0.00 |
| GTYE4_COMMON    |    0 |     0 |          0 |         4 |   0.00 |
| ILKNE4          |    0 |     0 |          0 |         4 |   0.00 |
| OBUFDS_GTE4     |    0 |     0 |          0 |        24 |   0.00 |
| OBUFDS_GTE4_ADV |    0 |     0 |          0 |        24 |   0.00 |
| PCIE40E4        |    0 |     0 |          0 |         5 |   0.00 |
| PS8             |    1 |     0 |          0 |         1 | 100.00 |
| SYSMONE4        |    0 |     0 |          0 |         1 |   0.00 |
+-----------------+------+-------+------------+-----------+--------+


8. CONFIGURATION
----------------

+-------------+------+-------+------------+-----------+-------+
|  Site Type  | Used | Fixed | Prohibited | Available | Util% |
+-------------+------+-------+------------+-----------+-------+
| BSCANE2     |    1 |     0 |          0 |         4 | 25.00 |
| DNA_PORTE2  |    0 |     0 |          0 |         1 |  0.00 |
| EFUSE_USR   |    0 |     0 |          0 |         1 |  0.00 |
| FRAME_ECCE4 |    0 |     0 |          0 |         1 |  0.00 |
| ICAPE3      |    0 |     0 |          0 |         2 |  0.00 |
| MASTER_JTAG |    0 |     0 |          0 |         1 |  0.00 |
| STARTUPE3   |    0 |     0 |          0 |         1 |  0.00 |
+-------------+------+-------+------------+-----------+-------+


9. Primitives
-------------

+----------+------+---------------------+
| Ref Name | Used | Functional Category |
+----------+------+---------------------+
| FDRE     | 3749 |            Register |
| LUT6     | 2772 |                 CLB |
| LUT5     | 1742 |                 CLB |
| LUT3     | 1470 |                 CLB |
| LUT2     | 1278 |                 CLB |
| LUT4     | 1221 |                 CLB |
| RAMD64E  |  608 |                 CLB |
| CARRY8   |  552 |                 CLB |
| RAMB36E2 |  306 |            BLOCKRAM |
| LUT1     |  214 |                 CLB |
| MUXF7    |  185 |                 CLB |
| FDCE     |  184 |            Register |
| MUXF8    |   70 |                 CLB |
| FDSE     |   41 |            Register |
| FDPE     |   41 |            Register |
| RAMD32   |   36 |                 CLB |
| SRLC32E  |   34 |                 CLB |
| SRL16E   |   19 |                 CLB |
| RAMS32   |    4 |                 CLB |
| DSP48E2  |    4 |          Arithmetic |
| RAMB18E2 |    2 |            BLOCKRAM |
| PS8      |    1 |            Advanced |
| BUFG_PS  |    1 |               Clock |
| BUFGCE   |    1 |               Clock |
| BSCANE2  |    1 |       Configuration |
+----------+------+---------------------+


10. Black Boxes
---------------

+----------+------+
| Ref Name | Used |
+----------+------+


11. Instantiated Netlists
-------------------------

+----------------------+------+
|       Ref Name       | Used |
+----------------------+------+
| jfs_sr0_0            |    1 |
| jfs_rst_0            |    1 |
| jfs_ps_0             |    1 |
| jfs_ja_0             |    1 |
| jfs_ai_imp_auto_pc_0 |    1 |
| dbg_hub              |    1 |
+----------------------+------+


